The system is: Darwin - 14.5.0 - x86_64
Compiling the C compiler identification source file "CMakeCCompilerId.c" succeeded.
Compiler:  
Build flags: 
Id flags:  

The output was:
0
=== BUILD TARGET CompilerIdC OF PROJECT CompilerIdC WITH THE DEFAULT CONFIGURATION (Debug) ===

Check dependencies

Write auxiliary files
write-file /Users/ninja/carnd/Term3/CarND-Path-Planning-Project/CMakeFiles/3.9.4/CompilerIdC/CompilerIdC.build/Debug/CompilerIdC.build/Script-2C8FEB8E15DC1A1A00E56A5D.sh
chmod 0755 /Users/ninja/carnd/Term3/CarND-Path-Planning-Project/CMakeFiles/3.9.4/CompilerIdC/CompilerIdC.build/Debug/CompilerIdC.build/Script-2C8FEB8E15DC1A1A00E56A5D.sh
write-file /Users/ninja/carnd/Term3/CarND-Path-Planning-Project/CMakeFiles/3.9.4/CompilerIdC/CompilerIdC.build/Debug/CompilerIdC.build/CompilerIdC.hmap
/bin/mkdir -p /Users/ninja/carnd/Term3/CarND-Path-Planning-Project/CMakeFiles/3.9.4/CompilerIdC/CompilerIdC.build/Debug/CompilerIdC.build/Objects-normal/x86_64
write-file /Users/ninja/carnd/Term3/CarND-Path-Planning-Project/CMakeFiles/3.9.4/CompilerIdC/CompilerIdC.build/Debug/CompilerIdC.build/Objects-normal/x86_64/CompilerIdC.LinkFileList

CompileC CompilerIdC.build/Debug/CompilerIdC.build/Objects-normal/x86_64/CMakeCCompilerId.o CMakeCCompilerId.c normal x86_64 c com.apple.compilers.llvm.clang.1_0.compiler
    cd /Users/ninja/carnd/Term3/CarND-Path-Planning-Project/CMakeFiles/3.9.4/CompilerIdC
    export LANG=en_US.US-ASCII
    /Applications/Xcode.app/Contents/Developer/Toolchains/XcodeDefault.xctoolchain/usr/bin/clang -x c -arch x86_64 -fmessage-length=0 -fdiagnostics-show-note-include-stack -fmacro-backtrace-limit=0 -Wno-trigraphs -fpascal-strings -Os -Wno-missing-field-initializers -Wno-missing-prototypes -Wno-return-type -Wno-missing-braces -Wparentheses -Wswitch -Wno-unused-function -Wno-unused-label -Wno-unused-parameter -Wno-unused-variable -Wunused-value -Wno-empty-body -Wno-uninitialized -Wno-unknown-pragmas -Wno-shadow -Wno-four-char-constants -Wno-conversion -Wno-constant-conversion -Wno-int-conversion -Wno-bool-conversion -Wno-enum-conversion -Wno-shorten-64-to-32 -Wpointer-sign -Wno-newline-eof -isysroot /Applications/Xcode.app/Contents/Developer/Platforms/MacOSX.platform/Developer/SDKs/MacOSX10.11.sdk -fasm-blocks -fstrict-aliasing -Wdeprecated-declarations -mmacosx-version-min=10.10 -g -fvisibility=hidden -Wno-sign-conversion -I/Users/ninja/carnd/Term3/CarND-Path-Planning-Project/CMakeFiles/3.9.4/CompilerIdC/CompilerIdC.build/Debug/CompilerIdC.build/CompilerIdC.hmap -I/Users/ninja/carnd/Term3/CarND-Path-Planning-Project/CMakeFiles/3.9.4/CompilerIdC/include -I/Users/ninja/carnd/Term3/CarND-Path-Planning-Project/CMakeFiles/3.9.4/CompilerIdC/CompilerIdC.build/Debug/CompilerIdC.build/DerivedSources/x86_64 -I/Users/ninja/carnd/Term3/CarND-Path-Planning-Project/CMakeFiles/3.9.4/CompilerIdC/CompilerIdC.build/Debug/CompilerIdC.build/DerivedSources -F/Users/ninja/carnd/Term3/CarND-Path-Planning-Project/CMakeFiles/3.9.4/CompilerIdC -MMD -MT dependencies -MF /Users/ninja/carnd/Term3/CarND-Path-Planning-Project/CMakeFiles/3.9.4/CompilerIdC/CompilerIdC.build/Debug/CompilerIdC.build/Objects-normal/x86_64/CMakeCCompilerId.d --serialize-diagnostics /Users/ninja/carnd/Term3/CarND-Path-Planning-Project/CMakeFiles/3.9.4/CompilerIdC/CompilerIdC.build/Debug/CompilerIdC.build/Objects-normal/x86_64/CMakeCCompilerId.dia -c /Users/ninja/carnd/Term3/CarND-Path-Planning-Project/CMakeFiles/3.9.4/CompilerIdC/CMakeCCompilerId.c -o /Users/ninja/carnd/Term3/CarND-Path-Planning-Project/CMakeFiles/3.9.4/CompilerIdC/CompilerIdC.build/Debug/CompilerIdC.build/Objects-normal/x86_64/CMakeCCompilerId.o

Ld CompilerIdC normal x86_64
    cd /Users/ninja/carnd/Term3/CarND-Path-Planning-Project/CMakeFiles/3.9.4/CompilerIdC
    export MACOSX_DEPLOYMENT_TARGET=10.10
    /Applications/Xcode.app/Contents/Developer/Toolchains/XcodeDefault.xctoolchain/usr/bin/clang -arch x86_64 -isysroot /Applications/Xcode.app/Contents/Developer/Platforms/MacOSX.platform/Developer/SDKs/MacOSX10.11.sdk -L/Users/ninja/carnd/Term3/CarND-Path-Planning-Project/CMakeFiles/3.9.4/CompilerIdC -F/Users/ninja/carnd/Term3/CarND-Path-Planning-Project/CMakeFiles/3.9.4/CompilerIdC -filelist /Users/ninja/carnd/Term3/CarND-Path-Planning-Project/CMakeFiles/3.9.4/CompilerIdC/CompilerIdC.build/Debug/CompilerIdC.build/Objects-normal/x86_64/CompilerIdC.LinkFileList -mmacosx-version-min=10.10 -Xlinker -dependency_info -Xlinker /Users/ninja/carnd/Term3/CarND-Path-Planning-Project/CMakeFiles/3.9.4/CompilerIdC/CompilerIdC.build/Debug/CompilerIdC.build/Objects-normal/x86_64/CompilerIdC_dependency_info.dat -o /Users/ninja/carnd/Term3/CarND-Path-Planning-Project/CMakeFiles/3.9.4/CompilerIdC/CompilerIdC

PhaseScriptExecution Run\ Script CompilerIdC.build/Debug/CompilerIdC.build/Script-2C8FEB8E15DC1A1A00E56A5D.sh
    cd /Users/ninja/carnd/Term3/CarND-Path-Planning-Project/CMakeFiles/3.9.4/CompilerIdC
    /bin/sh -c /Users/ninja/carnd/Term3/CarND-Path-Planning-Project/CMakeFiles/3.9.4/CompilerIdC/CompilerIdC.build/Debug/CompilerIdC.build/Script-2C8FEB8E15DC1A1A00E56A5D.sh
GCC_VERSION=com.apple.compilers.llvm.clang.1_0
CURRENT_ARCH=x86_64

** BUILD SUCCEEDED **



Compilation of the C compiler identification source "CMakeCCompilerId.c" produced "CompilerIdC"

The C compiler identification is AppleClang, found in "/Users/ninja/carnd/Term3/CarND-Path-Planning-Project/CMakeFiles/3.9.4/CompilerIdC/CompilerIdC"

Compiling the CXX compiler identification source file "CMakeCXXCompilerId.cpp" succeeded.
Compiler:  
Build flags: 
Id flags:  

The output was:
0
=== BUILD TARGET CompilerIdCXX OF PROJECT CompilerIdCXX WITH THE DEFAULT CONFIGURATION (Debug) ===

Check dependencies

Write auxiliary files
/bin/mkdir -p /Users/ninja/carnd/Term3/CarND-Path-Planning-Project/CMakeFiles/3.9.4/CompilerIdCXX/CompilerIdCXX.build/Debug/CompilerIdCXX.build/Objects-normal/x86_64
write-file /Users/ninja/carnd/Term3/CarND-Path-Planning-Project/CMakeFiles/3.9.4/CompilerIdCXX/CompilerIdCXX.build/Debug/CompilerIdCXX.build/Objects-normal/x86_64/CompilerIdCXX.LinkFileList
write-file /Users/ninja/carnd/Term3/CarND-Path-Planning-Project/CMakeFiles/3.9.4/CompilerIdCXX/CompilerIdCXX.build/Debug/CompilerIdCXX.build/Script-2C8FEB8E15DC1A1A00E56A5D.sh
chmod 0755 /Users/ninja/carnd/Term3/CarND-Path-Planning-Project/CMakeFiles/3.9.4/CompilerIdCXX/CompilerIdCXX.build/Debug/CompilerIdCXX.build/Script-2C8FEB8E15DC1A1A00E56A5D.sh
write-file /Users/ninja/carnd/Term3/CarND-Path-Planning-Project/CMakeFiles/3.9.4/CompilerIdCXX/CompilerIdCXX.build/Debug/CompilerIdCXX.build/CompilerIdCXX.hmap

CompileC CompilerIdCXX.build/Debug/CompilerIdCXX.build/Objects-normal/x86_64/CMakeCXXCompilerId.o CMakeCXXCompilerId.cpp normal x86_64 c++ com.apple.compilers.llvm.clang.1_0.compiler
    cd /Users/ninja/carnd/Term3/CarND-Path-Planning-Project/CMakeFiles/3.9.4/CompilerIdCXX
    export LANG=en_US.US-ASCII
    /Applications/Xcode.app/Contents/Developer/Toolchains/XcodeDefault.xctoolchain/usr/bin/clang -x c++ -arch x86_64 -fmessage-length=0 -fdiagnostics-show-note-include-stack -fmacro-backtrace-limit=0 -Wno-trigraphs -fpascal-strings -Os -Wno-missing-field-initializers -Wno-missing-prototypes -Wno-return-type -Wno-non-virtual-dtor -Wno-overloaded-virtual -Wno-exit-time-destructors -Wno-missing-braces -Wparentheses -Wswitch -Wno-unused-function -Wno-unused-label -Wno-unused-parameter -Wno-unused-variable -Wunused-value -Wno-empty-body -Wno-uninitialized -Wno-unknown-pragmas -Wno-shadow -Wno-four-char-constants -Wno-conversion -Wno-constant-conversion -Wno-int-conversion -Wno-bool-conversion -Wno-enum-conversion -Wno-shorten-64-to-32 -Wno-newline-eof -Wno-c++11-extensions -isysroot /Applications/Xcode.app/Contents/Developer/Platforms/MacOSX.platform/Developer/SDKs/MacOSX10.11.sdk -fasm-blocks -fstrict-aliasing -Wdeprecated-declarations -Winvalid-offsetof -mmacosx-version-min=10.10 -g -fvisibility=hidden -fvisibility-inlines-hidden -Wno-sign-conversion -I/Users/ninja/carnd/Term3/CarND-Path-Planning-Project/CMakeFiles/3.9.4/CompilerIdCXX/CompilerIdCXX.build/Debug/CompilerIdCXX.build/CompilerIdCXX.hmap -I/Users/ninja/carnd/Term3/CarND-Path-Planning-Project/CMakeFiles/3.9.4/CompilerIdCXX/include -I/Users/ninja/carnd/Term3/CarND-Path-Planning-Project/CMakeFiles/3.9.4/CompilerIdCXX/CompilerIdCXX.build/Debug/CompilerIdCXX.build/DerivedSources/x86_64 -I/Users/ninja/carnd/Term3/CarND-Path-Planning-Project/CMakeFiles/3.9.4/CompilerIdCXX/CompilerIdCXX.build/Debug/CompilerIdCXX.build/DerivedSources -F/Users/ninja/carnd/Term3/CarND-Path-Planning-Project/CMakeFiles/3.9.4/CompilerIdCXX -MMD -MT dependencies -MF /Users/ninja/carnd/Term3/CarND-Path-Planning-Project/CMakeFiles/3.9.4/CompilerIdCXX/CompilerIdCXX.build/Debug/CompilerIdCXX.build/Objects-normal/x86_64/CMakeCXXCompilerId.d --serialize-diagnostics /Users/ninja/carnd/Term3/CarND-Path-Planning-Project/CMakeFiles/3.9.4/CompilerIdCXX/CompilerIdCXX.build/Debug/CompilerIdCXX.build/Objects-normal/x86_64/CMakeCXXCompilerId.dia -c /Users/ninja/carnd/Term3/CarND-Path-Planning-Project/CMakeFiles/3.9.4/CompilerIdCXX/CMakeCXXCompilerId.cpp -o /Users/ninja/carnd/Term3/CarND-Path-Planning-Project/CMakeFiles/3.9.4/CompilerIdCXX/CompilerIdCXX.build/Debug/CompilerIdCXX.build/Objects-normal/x86_64/CMakeCXXCompilerId.o

Ld CompilerIdCXX normal x86_64
    cd /Users/ninja/carnd/Term3/CarND-Path-Planning-Project/CMakeFiles/3.9.4/CompilerIdCXX
    export MACOSX_DEPLOYMENT_TARGET=10.10
    /Applications/Xcode.app/Contents/Developer/Toolchains/XcodeDefault.xctoolchain/usr/bin/clang++ -arch x86_64 -isysroot /Applications/Xcode.app/Contents/Developer/Platforms/MacOSX.platform/Developer/SDKs/MacOSX10.11.sdk -L/Users/ninja/carnd/Term3/CarND-Path-Planning-Project/CMakeFiles/3.9.4/CompilerIdCXX -F/Users/ninja/carnd/Term3/CarND-Path-Planning-Project/CMakeFiles/3.9.4/CompilerIdCXX -filelist /Users/ninja/carnd/Term3/CarND-Path-Planning-Project/CMakeFiles/3.9.4/CompilerIdCXX/CompilerIdCXX.build/Debug/CompilerIdCXX.build/Objects-normal/x86_64/CompilerIdCXX.LinkFileList -mmacosx-version-min=10.10 -Xlinker -dependency_info -Xlinker /Users/ninja/carnd/Term3/CarND-Path-Planning-Project/CMakeFiles/3.9.4/CompilerIdCXX/CompilerIdCXX.build/Debug/CompilerIdCXX.build/Objects-normal/x86_64/CompilerIdCXX_dependency_info.dat -o /Users/ninja/carnd/Term3/CarND-Path-Planning-Project/CMakeFiles/3.9.4/CompilerIdCXX/CompilerIdCXX

PhaseScriptExecution Run\ Script CompilerIdCXX.build/Debug/CompilerIdCXX.build/Script-2C8FEB8E15DC1A1A00E56A5D.sh
    cd /Users/ninja/carnd/Term3/CarND-Path-Planning-Project/CMakeFiles/3.9.4/CompilerIdCXX
    /bin/sh -c /Users/ninja/carnd/Term3/CarND-Path-Planning-Project/CMakeFiles/3.9.4/CompilerIdCXX/CompilerIdCXX.build/Debug/CompilerIdCXX.build/Script-2C8FEB8E15DC1A1A00E56A5D.sh
GCC_VERSION=com.apple.compilers.llvm.clang.1_0
CURRENT_ARCH=x86_64

** BUILD SUCCEEDED **



Compilation of the CXX compiler identification source "CMakeCXXCompilerId.cpp" produced "CompilerIdCXX"

The CXX compiler identification is AppleClang, found in "/Users/ninja/carnd/Term3/CarND-Path-Planning-Project/CMakeFiles/3.9.4/CompilerIdCXX/CompilerIdCXX"

Determining if the C compiler works passed with the following output:
Change Dir: /Users/ninja/carnd/Term3/CarND-Path-Planning-Project/CMakeFiles/CMakeTmp

Run Build Command:"/usr/bin/xcodebuild" "-project" "CMAKE_TRY_COMPILE.xcodeproj" "build" "-target" "cmTC_99af1" "-configuration" "Debug"
=== BUILD TARGET cmTC_99af1 OF PROJECT CMAKE_TRY_COMPILE WITH CONFIGURATION Debug ===

Check dependencies

Write auxiliary files
/bin/mkdir -p /Users/ninja/carnd/Term3/CarND-Path-Planning-Project/CMakeFiles/CMakeTmp/CMAKE_TRY_COMPILE.build/Debug/cmTC_99af1.build/Objects-normal/x86_64
write-file /Users/ninja/carnd/Term3/CarND-Path-Planning-Project/CMakeFiles/CMakeTmp/CMAKE_TRY_COMPILE.build/Debug/cmTC_99af1.build/Objects-normal/x86_64/cmTC_99af1.LinkFileList

CompileC CMAKE_TRY_COMPILE.build/Debug/cmTC_99af1.build/Objects-normal/x86_64/testCCompiler.o testCCompiler.c normal x86_64 c com.apple.compilers.llvm.clang.1_0.compiler
    cd /Users/ninja/carnd/Term3/CarND-Path-Planning-Project/CMakeFiles/CMakeTmp
    export LANG=en_US.US-ASCII
    /Applications/Xcode.app/Contents/Developer/Toolchains/XcodeDefault.xctoolchain/usr/bin/clang -x c -arch x86_64 -fmessage-length=0 -fdiagnostics-show-note-include-stack -fmacro-backtrace-limit=0 -Wno-trigraphs -fpascal-strings -O0 -Wno-missing-field-initializers -Wno-missing-prototypes -Wno-return-type -Wno-missing-braces -Wparentheses -Wswitch -Wno-unused-function -Wno-unused-label -Wno-unused-parameter -Wno-unused-variable -Wunused-value -Wno-empty-body -Wno-uninitialized -Wno-unknown-pragmas -Wno-shadow -Wno-four-char-constants -Wno-conversion -Wno-constant-conversion -Wno-int-conversion -Wno-bool-conversion -Wno-enum-conversion -Wno-shorten-64-to-32 -Wpointer-sign -Wno-newline-eof -DCMAKE_INTDIR=\"Debug\" -isysroot /Applications/Xcode.app/Contents/Developer/Platforms/MacOSX.platform/Developer/SDKs/MacOSX10.11.sdk -fasm-blocks -fstrict-aliasing -Wdeprecated-declarations -mmacosx-version-min=10.10 -g -Wno-sign-conversion -I/Users/ninja/carnd/Term3/CarND-Path-Planning-Project/CMakeFiles/CMakeTmp/Debug/include -I/Users/ninja/carnd/Term3/CarND-Path-Planning-Project/CMakeFiles/CMakeTmp/CMAKE_TRY_COMPILE.build/Debug/cmTC_99af1.build/DerivedSources/x86_64 -I/Users/ninja/carnd/Term3/CarND-Path-Planning-Project/CMakeFiles/CMakeTmp/CMAKE_TRY_COMPILE.build/Debug/cmTC_99af1.build/DerivedSources -Wmost -Wno-four-char-constants -Wno-unknown-pragmas -F/Users/ninja/carnd/Term3/CarND-Path-Planning-Project/CMakeFiles/CMakeTmp/Debug -MMD -MT dependencies -MF /Users/ninja/carnd/Term3/CarND-Path-Planning-Project/CMakeFiles/CMakeTmp/CMAKE_TRY_COMPILE.build/Debug/cmTC_99af1.build/Objects-normal/x86_64/testCCompiler.d --serialize-diagnostics /Users/ninja/carnd/Term3/CarND-Path-Planning-Project/CMakeFiles/CMakeTmp/CMAKE_TRY_COMPILE.build/Debug/cmTC_99af1.build/Objects-normal/x86_64/testCCompiler.dia -c /Users/ninja/carnd/Term3/CarND-Path-Planning-Project/CMakeFiles/CMakeTmp/testCCompiler.c -o /Users/ninja/carnd/Term3/CarND-Path-Planning-Project/CMakeFiles/CMakeTmp/CMAKE_TRY_COMPILE.build/Debug/cmTC_99af1.build/Objects-normal/x86_64/testCCompiler.o

Ld Debug/cmTC_99af1 normal x86_64
    cd /Users/ninja/carnd/Term3/CarND-Path-Planning-Project/CMakeFiles/CMakeTmp
    export MACOSX_DEPLOYMENT_TARGET=10.10
    /Applications/Xcode.app/Contents/Developer/Toolchains/XcodeDefault.xctoolchain/usr/bin/clang -arch x86_64 -isysroot /Applications/Xcode.app/Contents/Developer/Platforms/MacOSX.platform/Developer/SDKs/MacOSX10.11.sdk -L/Users/ninja/carnd/Term3/CarND-Path-Planning-Project/CMakeFiles/CMakeTmp/Debug -F/Users/ninja/carnd/Term3/CarND-Path-Planning-Project/CMakeFiles/CMakeTmp/Debug -filelist /Users/ninja/carnd/Term3/CarND-Path-Planning-Project/CMakeFiles/CMakeTmp/CMAKE_TRY_COMPILE.build/Debug/cmTC_99af1.build/Objects-normal/x86_64/cmTC_99af1.LinkFileList -mmacosx-version-min=10.10 -Wl,-search_paths_first -Wl,-headerpad_max_install_names -Xlinker -dependency_info -Xlinker /Users/ninja/carnd/Term3/CarND-Path-Planning-Project/CMakeFiles/CMakeTmp/CMAKE_TRY_COMPILE.build/Debug/cmTC_99af1.build/Objects-normal/x86_64/cmTC_99af1_dependency_info.dat -o /Users/ninja/carnd/Term3/CarND-Path-Planning-Project/CMakeFiles/CMakeTmp/Debug/cmTC_99af1

** BUILD SUCCEEDED **



Detecting C compiler ABI info compiled with the following output:
Change Dir: /Users/ninja/carnd/Term3/CarND-Path-Planning-Project/CMakeFiles/CMakeTmp

Run Build Command:"/usr/bin/xcodebuild" "-project" "CMAKE_TRY_COMPILE.xcodeproj" "build" "-target" "cmTC_732ab" "-configuration" "Debug"
=== BUILD TARGET cmTC_732ab OF PROJECT CMAKE_TRY_COMPILE WITH CONFIGURATION Debug ===

Check dependencies

Write auxiliary files
/bin/mkdir -p /Users/ninja/carnd/Term3/CarND-Path-Planning-Project/CMakeFiles/CMakeTmp/CMAKE_TRY_COMPILE.build/Debug/cmTC_732ab.build/Objects-normal/x86_64
write-file /Users/ninja/carnd/Term3/CarND-Path-Planning-Project/CMakeFiles/CMakeTmp/CMAKE_TRY_COMPILE.build/Debug/cmTC_732ab.build/Objects-normal/x86_64/cmTC_732ab.LinkFileList

CompileC CMAKE_TRY_COMPILE.build/Debug/cmTC_732ab.build/Objects-normal/x86_64/CMakeCCompilerABI.o /usr/local/share/cmake-3.9/Modules/CMakeCCompilerABI.c normal x86_64 c com.apple.compilers.llvm.clang.1_0.compiler
    cd /Users/ninja/carnd/Term3/CarND-Path-Planning-Project/CMakeFiles/CMakeTmp
    export LANG=en_US.US-ASCII
    /Applications/Xcode.app/Contents/Developer/Toolchains/XcodeDefault.xctoolchain/usr/bin/clang -x c -arch x86_64 -fmessage-length=0 -fdiagnostics-show-note-include-stack -fmacro-backtrace-limit=0 -Wno-trigraphs -fpascal-strings -O0 -Wno-missing-field-initializers -Wno-missing-prototypes -Wno-return-type -Wno-missing-braces -Wparentheses -Wswitch -Wno-unused-function -Wno-unused-label -Wno-unused-parameter -Wno-unused-variable -Wunused-value -Wno-empty-body -Wno-uninitialized -Wno-unknown-pragmas -Wno-shadow -Wno-four-char-constants -Wno-conversion -Wno-constant-conversion -Wno-int-conversion -Wno-bool-conversion -Wno-enum-conversion -Wno-shorten-64-to-32 -Wpointer-sign -Wno-newline-eof -DCMAKE_INTDIR=\"Debug\" -isysroot /Applications/Xcode.app/Contents/Developer/Platforms/MacOSX.platform/Developer/SDKs/MacOSX10.11.sdk -fasm-blocks -fstrict-aliasing -Wdeprecated-declarations -mmacosx-version-min=10.10 -g -Wno-sign-conversion -I/Users/ninja/carnd/Term3/CarND-Path-Planning-Project/CMakeFiles/CMakeTmp/Debug/include -I/Users/ninja/carnd/Term3/CarND-Path-Planning-Project/CMakeFiles/CMakeTmp/CMAKE_TRY_COMPILE.build/Debug/cmTC_732ab.build/DerivedSources/x86_64 -I/Users/ninja/carnd/Term3/CarND-Path-Planning-Project/CMakeFiles/CMakeTmp/CMAKE_TRY_COMPILE.build/Debug/cmTC_732ab.build/DerivedSources -Wmost -Wno-four-char-constants -Wno-unknown-pragmas -F/Users/ninja/carnd/Term3/CarND-Path-Planning-Project/CMakeFiles/CMakeTmp/Debug -MMD -MT dependencies -MF /Users/ninja/carnd/Term3/CarND-Path-Planning-Project/CMakeFiles/CMakeTmp/CMAKE_TRY_COMPILE.build/Debug/cmTC_732ab.build/Objects-normal/x86_64/CMakeCCompilerABI.d --serialize-diagnostics /Users/ninja/carnd/Term3/CarND-Path-Planning-Project/CMakeFiles/CMakeTmp/CMAKE_TRY_COMPILE.build/Debug/cmTC_732ab.build/Objects-normal/x86_64/CMakeCCompilerABI.dia -c /usr/local/share/cmake-3.9/Modules/CMakeCCompilerABI.c -o /Users/ninja/carnd/Term3/CarND-Path-Planning-Project/CMakeFiles/CMakeTmp/CMAKE_TRY_COMPILE.build/Debug/cmTC_732ab.build/Objects-normal/x86_64/CMakeCCompilerABI.o

Ld Debug/cmTC_732ab normal x86_64
    cd /Users/ninja/carnd/Term3/CarND-Path-Planning-Project/CMakeFiles/CMakeTmp
    export MACOSX_DEPLOYMENT_TARGET=10.10
    /Applications/Xcode.app/Contents/Developer/Toolchains/XcodeDefault.xctoolchain/usr/bin/clang -arch x86_64 -isysroot /Applications/Xcode.app/Contents/Developer/Platforms/MacOSX.platform/Developer/SDKs/MacOSX10.11.sdk -L/Users/ninja/carnd/Term3/CarND-Path-Planning-Project/CMakeFiles/CMakeTmp/Debug -F/Users/ninja/carnd/Term3/CarND-Path-Planning-Project/CMakeFiles/CMakeTmp/Debug -filelist /Users/ninja/carnd/Term3/CarND-Path-Planning-Project/CMakeFiles/CMakeTmp/CMAKE_TRY_COMPILE.build/Debug/cmTC_732ab.build/Objects-normal/x86_64/cmTC_732ab.LinkFileList -mmacosx-version-min=10.10 -v -Wl,-v -Wl,-search_paths_first -Wl,-headerpad_max_install_names -Xlinker -dependency_info -Xlinker /Users/ninja/carnd/Term3/CarND-Path-Planning-Project/CMakeFiles/CMakeTmp/CMAKE_TRY_COMPILE.build/Debug/cmTC_732ab.build/Objects-normal/x86_64/cmTC_732ab_dependency_info.dat -o /Users/ninja/carnd/Term3/CarND-Path-Planning-Project/CMakeFiles/CMakeTmp/Debug/cmTC_732ab
Apple LLVM version 7.0.0 (clang-700.1.76)
Target: x86_64-apple-darwin14.5.0
Thread model: posix
 "/Applications/Xcode.app/Contents/Developer/Toolchains/XcodeDefault.xctoolchain/usr/bin/ld" -demangle -dynamic -arch x86_64 -macosx_version_min 10.10.0 -syslibroot /Applications/Xcode.app/Contents/Developer/Platforms/MacOSX.platform/Developer/SDKs/MacOSX10.11.sdk -o /Users/ninja/carnd/Term3/CarND-Path-Planning-Project/CMakeFiles/CMakeTmp/Debug/cmTC_732ab -L/Users/ninja/carnd/Term3/CarND-Path-Planning-Project/CMakeFiles/CMakeTmp/Debug -filelist /Users/ninja/carnd/Term3/CarND-Path-Planning-Project/CMakeFiles/CMakeTmp/CMAKE_TRY_COMPILE.build/Debug/cmTC_732ab.build/Objects-normal/x86_64/cmTC_732ab.LinkFileList -v -search_paths_first -headerpad_max_install_names -dependency_info /Users/ninja/carnd/Term3/CarND-Path-Planning-Project/CMakeFiles/CMakeTmp/CMAKE_TRY_COMPILE.build/Debug/cmTC_732ab.build/Objects-normal/x86_64/cmTC_732ab_dependency_info.dat -lSystem /Applications/Xcode.app/Contents/Developer/Toolchains/XcodeDefault.xctoolchain/usr/bin/../lib/clang/7.0.0/lib/darwin/libclang_rt.osx.a -F/Users/ninja/carnd/Term3/CarND-Path-Planning-Project/CMakeFiles/CMakeTmp/Debug
@(#)PROGRAM:ld  PROJECT:ld64-253.6
configured to support archs: armv6 armv7 armv7s arm64 i386 x86_64 x86_64h armv6m armv7k armv7m armv7em (tvOS)
Library search paths:
	/Users/ninja/carnd/Term3/CarND-Path-Planning-Project/CMakeFiles/CMakeTmp/Debug
	/Applications/Xcode.app/Contents/Developer/Platforms/MacOSX.platform/Developer/SDKs/MacOSX10.11.sdk/usr/lib
Framework search paths:
	/Users/ninja/carnd/Term3/CarND-Path-Planning-Project/CMakeFiles/CMakeTmp/Debug
	/Applications/Xcode.app/Contents/Developer/Platforms/MacOSX.platform/Developer/SDKs/MacOSX10.11.sdk/System/Library/Frameworks/

** BUILD SUCCEEDED **



Parsed C implicit link information from above output:
  link line regex: [^( *|.*[/\])(ld|CMAKE_LINK_STARTFILE-NOTFOUND|([^/\]+-)?ld|collect2)[^/\]*( |$)]
  ignore line: [Change Dir: /Users/ninja/carnd/Term3/CarND-Path-Planning-Project/CMakeFiles/CMakeTmp]
  ignore line: []
  ignore line: [Run Build Command:"/usr/bin/xcodebuild" "-project" "CMAKE_TRY_COMPILE.xcodeproj" "build" "-target" "cmTC_732ab" "-configuration" "Debug"]
  ignore line: [=== BUILD TARGET cmTC_732ab OF PROJECT CMAKE_TRY_COMPILE WITH CONFIGURATION Debug ===]
  ignore line: []
  ignore line: [Check dependencies]
  ignore line: []
  ignore line: [Write auxiliary files]
  ignore line: [/bin/mkdir -p /Users/ninja/carnd/Term3/CarND-Path-Planning-Project/CMakeFiles/CMakeTmp/CMAKE_TRY_COMPILE.build/Debug/cmTC_732ab.build/Objects-normal/x86_64]
  ignore line: [write-file /Users/ninja/carnd/Term3/CarND-Path-Planning-Project/CMakeFiles/CMakeTmp/CMAKE_TRY_COMPILE.build/Debug/cmTC_732ab.build/Objects-normal/x86_64/cmTC_732ab.LinkFileList]
  ignore line: []
  ignore line: [CompileC CMAKE_TRY_COMPILE.build/Debug/cmTC_732ab.build/Objects-normal/x86_64/CMakeCCompilerABI.o /usr/local/share/cmake-3.9/Modules/CMakeCCompilerABI.c normal x86_64 c com.apple.compilers.llvm.clang.1_0.compiler]
  ignore line: [    cd /Users/ninja/carnd/Term3/CarND-Path-Planning-Project/CMakeFiles/CMakeTmp]
  ignore line: [    export LANG=en_US.US-ASCII]
  ignore line: [    /Applications/Xcode.app/Contents/Developer/Toolchains/XcodeDefault.xctoolchain/usr/bin/clang -x c -arch x86_64 -fmessage-length=0 -fdiagnostics-show-note-include-stack -fmacro-backtrace-limit=0 -Wno-trigraphs -fpascal-strings -O0 -Wno-missing-field-initializers -Wno-missing-prototypes -Wno-return-type -Wno-missing-braces -Wparentheses -Wswitch -Wno-unused-function -Wno-unused-label -Wno-unused-parameter -Wno-unused-variable -Wunused-value -Wno-empty-body -Wno-uninitialized -Wno-unknown-pragmas -Wno-shadow -Wno-four-char-constants -Wno-conversion -Wno-constant-conversion -Wno-int-conversion -Wno-bool-conversion -Wno-enum-conversion -Wno-shorten-64-to-32 -Wpointer-sign -Wno-newline-eof -DCMAKE_INTDIR=\"Debug\" -isysroot /Applications/Xcode.app/Contents/Developer/Platforms/MacOSX.platform/Developer/SDKs/MacOSX10.11.sdk -fasm-blocks -fstrict-aliasing -Wdeprecated-declarations -mmacosx-version-min=10.10 -g -Wno-sign-conversion -I/Users/ninja/carnd/Term3/CarND-Path-Planning-Project/CMakeFiles/CMakeTmp/Debug/include -I/Users/ninja/carnd/Term3/CarND-Path-Planning-Project/CMakeFiles/CMakeTmp/CMAKE_TRY_COMPILE.build/Debug/cmTC_732ab.build/DerivedSources/x86_64 -I/Users/ninja/carnd/Term3/CarND-Path-Planning-Project/CMakeFiles/CMakeTmp/CMAKE_TRY_COMPILE.build/Debug/cmTC_732ab.build/DerivedSources -Wmost -Wno-four-char-constants -Wno-unknown-pragmas -F/Users/ninja/carnd/Term3/CarND-Path-Planning-Project/CMakeFiles/CMakeTmp/Debug -MMD -MT dependencies -MF /Users/ninja/carnd/Term3/CarND-Path-Planning-Project/CMakeFiles/CMakeTmp/CMAKE_TRY_COMPILE.build/Debug/cmTC_732ab.build/Objects-normal/x86_64/CMakeCCompilerABI.d --serialize-diagnostics /Users/ninja/carnd/Term3/CarND-Path-Planning-Project/CMakeFiles/CMakeTmp/CMAKE_TRY_COMPILE.build/Debug/cmTC_732ab.build/Objects-normal/x86_64/CMakeCCompilerABI.dia -c /usr/local/share/cmake-3.9/Modules/CMakeCCompilerABI.c -o /Users/ninja/carnd/Term3/CarND-Path-Planning-Project/CMakeFiles/CMakeTmp/CMAKE_TRY_COMPILE.build/Debug/cmTC_732ab.build/Objects-normal/x86_64/CMakeCCompilerABI.o]
  ignore line: []
  ignore line: [Ld Debug/cmTC_732ab normal x86_64]
  ignore line: [    cd /Users/ninja/carnd/Term3/CarND-Path-Planning-Project/CMakeFiles/CMakeTmp]
  ignore line: [    export MACOSX_DEPLOYMENT_TARGET=10.10]
  ignore line: [    /Applications/Xcode.app/Contents/Developer/Toolchains/XcodeDefault.xctoolchain/usr/bin/clang -arch x86_64 -isysroot /Applications/Xcode.app/Contents/Developer/Platforms/MacOSX.platform/Developer/SDKs/MacOSX10.11.sdk -L/Users/ninja/carnd/Term3/CarND-Path-Planning-Project/CMakeFiles/CMakeTmp/Debug -F/Users/ninja/carnd/Term3/CarND-Path-Planning-Project/CMakeFiles/CMakeTmp/Debug -filelist /Users/ninja/carnd/Term3/CarND-Path-Planning-Project/CMakeFiles/CMakeTmp/CMAKE_TRY_COMPILE.build/Debug/cmTC_732ab.build/Objects-normal/x86_64/cmTC_732ab.LinkFileList -mmacosx-version-min=10.10 -v -Wl,-v -Wl,-search_paths_first -Wl,-headerpad_max_install_names -Xlinker -dependency_info -Xlinker /Users/ninja/carnd/Term3/CarND-Path-Planning-Project/CMakeFiles/CMakeTmp/CMAKE_TRY_COMPILE.build/Debug/cmTC_732ab.build/Objects-normal/x86_64/cmTC_732ab_dependency_info.dat -o /Users/ninja/carnd/Term3/CarND-Path-Planning-Project/CMakeFiles/CMakeTmp/Debug/cmTC_732ab]
  ignore line: [Apple LLVM version 7.0.0 (clang-700.1.76)]
  ignore line: [Target: x86_64-apple-darwin14.5.0]
  ignore line: [Thread model: posix]
  reduced line: [ "/Applications/Xcode.app/Contents/Developer/Toolchains/XcodeDefault.xctoolchain/usr/bin/ld" -demangle -dynamic -arch x86_64 -macosx_version_min 10.10.0 -syslibroot /Applications/Xcode.app/Contents/Developer/Platforms/MacOSX.platform/Developer/SDKs/MacOSX10.11.sdk -o /Users/ninja/carnd/Term3/CarND-Path-Planning-Project/CMakeFiles/CMakeTmp/Debug/cmTC_732ab -L/Users/ninja/carnd/Term3/CarND-Path-Planning-Project/CMakeFiles/CMakeTmp/Debug -filelist /Users/ninja/carnd/Term3/CarND-Path-Planning-Project/CMakeFiles/CMakeTmp/CMAKE_TRY_COMPILE.build/Debug/cmTC_732ab.build/Objects-normal/x86_64/cmTC_732ab.LinkFileList -v -search_paths_first -headerpad_max_install_names -dependency_info /Users/ninja/carnd/Term3/CarND-Path-Planning-Project/CMakeFiles/CMakeTmp/CMAKE_TRY_COMPILE.build/Debug/cmTC_732ab.build/Objects-normal/x86_64/cmTC_732ab_dependency_info.dat -lSystem /Applications/Xcode.app/Contents/Developer/Toolchains/XcodeDefault.xctoolchain/usr/bin/../lib/clang/7.0.0/lib/darwin/libclang_rt.osx.a -F/Users/ninja/carnd/Term3/CarND-Path-Planning-Project/CMakeFiles/CMakeTmp/Debug]
            to: [ "/Applications/Xcode.app/Contents/Developer/Toolchains/XcodeDefault.xctoolchain/usr/bin/ld" -demangle -dynamic -arch x86_64 -macosx_version_min 10.10.0 -syslibroot /Applications/Xcode.app/Contents/Developer/Platforms/MacOSX.platform/Developer/SDKs/MacOSX10.11.sdk -o /Users/ninja/carnd/Term3/CarND-Path-Planning-Project/CMakeFiles/CMakeTmp/Debug/cmTC_732ab -filelist /Users/ninja/carnd/Term3/CarND-Path-Planning-Project/CMakeFiles/CMakeTmp/CMAKE_TRY_COMPILE.build/Debug/cmTC_732ab.build/Objects-normal/x86_64/cmTC_732ab.LinkFileList -v -search_paths_first -headerpad_max_install_names -dependency_info /Users/ninja/carnd/Term3/CarND-Path-Planning-Project/CMakeFiles/CMakeTmp/CMAKE_TRY_COMPILE.build/Debug/cmTC_732ab.build/Objects-normal/x86_64/cmTC_732ab_dependency_info.dat -lSystem /Applications/Xcode.app/Contents/Developer/Toolchains/XcodeDefault.xctoolchain/usr/bin/../lib/clang/7.0.0/lib/darwin/libclang_rt.osx.a ]
  link line: [ "/Applications/Xcode.app/Contents/Developer/Toolchains/XcodeDefault.xctoolchain/usr/bin/ld" -demangle -dynamic -arch x86_64 -macosx_version_min 10.10.0 -syslibroot /Applications/Xcode.app/Contents/Developer/Platforms/MacOSX.platform/Developer/SDKs/MacOSX10.11.sdk -o /Users/ninja/carnd/Term3/CarND-Path-Planning-Project/CMakeFiles/CMakeTmp/Debug/cmTC_732ab -filelist /Users/ninja/carnd/Term3/CarND-Path-Planning-Project/CMakeFiles/CMakeTmp/CMAKE_TRY_COMPILE.build/Debug/cmTC_732ab.build/Objects-normal/x86_64/cmTC_732ab.LinkFileList -v -search_paths_first -headerpad_max_install_names -dependency_info /Users/ninja/carnd/Term3/CarND-Path-Planning-Project/CMakeFiles/CMakeTmp/CMAKE_TRY_COMPILE.build/Debug/cmTC_732ab.build/Objects-normal/x86_64/cmTC_732ab_dependency_info.dat -lSystem /Applications/Xcode.app/Contents/Developer/Toolchains/XcodeDefault.xctoolchain/usr/bin/../lib/clang/7.0.0/lib/darwin/libclang_rt.osx.a ]
    arg [/Applications/Xcode.app/Contents/Developer/Toolchains/XcodeDefault.xctoolchain/usr/bin/ld] ==> ignore
    arg [-demangle] ==> ignore
    arg [-dynamic] ==> ignore
    arg [-arch] ==> ignore
    arg [x86_64] ==> ignore
    arg [-macosx_version_min] ==> ignore
    arg [10.10.0] ==> ignore
    arg [-syslibroot] ==> ignore
    arg [/Applications/Xcode.app/Contents/Developer/Platforms/MacOSX.platform/Developer/SDKs/MacOSX10.11.sdk] ==> ignore
    arg [-o] ==> ignore
    arg [/Users/ninja/carnd/Term3/CarND-Path-Planning-Project/CMakeFiles/CMakeTmp/Debug/cmTC_732ab] ==> ignore
    arg [-filelist] ==> ignore
    arg [/Users/ninja/carnd/Term3/CarND-Path-Planning-Project/CMakeFiles/CMakeTmp/CMAKE_TRY_COMPILE.build/Debug/cmTC_732ab.build/Objects-normal/x86_64/cmTC_732ab.LinkFileList] ==> ignore
    arg [-v] ==> ignore
    arg [-search_paths_first] ==> ignore
    arg [-headerpad_max_install_names] ==> ignore
    arg [-dependency_info] ==> ignore
    arg [/Users/ninja/carnd/Term3/CarND-Path-Planning-Project/CMakeFiles/CMakeTmp/CMAKE_TRY_COMPILE.build/Debug/cmTC_732ab.build/Objects-normal/x86_64/cmTC_732ab_dependency_info.dat] ==> ignore
    arg [-lSystem] ==> lib [System]
    arg [/Applications/Xcode.app/Contents/Developer/Toolchains/XcodeDefault.xctoolchain/usr/bin/../lib/clang/7.0.0/lib/darwin/libclang_rt.osx.a] ==> lib [/Applications/Xcode.app/Contents/Developer/Toolchains/XcodeDefault.xctoolchain/usr/bin/../lib/clang/7.0.0/lib/darwin/libclang_rt.osx.a]
  Library search paths: [;/Users/ninja/carnd/Term3/CarND-Path-Planning-Project/CMakeFiles/CMakeTmp/Debug;/Applications/Xcode.app/Contents/Developer/Platforms/MacOSX.platform/Developer/SDKs/MacOSX10.11.sdk/usr/lib]
  Framework search paths: [;/Users/ninja/carnd/Term3/CarND-Path-Planning-Project/CMakeFiles/CMakeTmp/Debug;/Applications/Xcode.app/Contents/Developer/Platforms/MacOSX.platform/Developer/SDKs/MacOSX10.11.sdk/System/Library/Frameworks/]
  remove lib [System]
  remove lib [/Applications/Xcode.app/Contents/Developer/Toolchains/XcodeDefault.xctoolchain/usr/bin/../lib/clang/7.0.0/lib/darwin/libclang_rt.osx.a]
  collapse library dir [/Users/ninja/carnd/Term3/CarND-Path-Planning-Project/CMakeFiles/CMakeTmp/Debug] ==> [/Users/ninja/carnd/Term3/CarND-Path-Planning-Project/CMakeFiles/CMakeTmp/Debug], skipping non-system directory
  collapse library dir [/Applications/Xcode.app/Contents/Developer/Platforms/MacOSX.platform/Developer/SDKs/MacOSX10.11.sdk/usr/lib] ==> [/Applications/Xcode.app/Contents/Developer/Platforms/MacOSX.platform/Developer/SDKs/MacOSX10.11.sdk/usr/lib]
  collapse framework dir [/Users/ninja/carnd/Term3/CarND-Path-Planning-Project/CMakeFiles/CMakeTmp/Debug] ==> [/Users/ninja/carnd/Term3/CarND-Path-Planning-Project/CMakeFiles/CMakeTmp/Debug], skipping non-system directory
  collapse framework dir [/Applications/Xcode.app/Contents/Developer/Platforms/MacOSX.platform/Developer/SDKs/MacOSX10.11.sdk/System/Library/Frameworks/] ==> [/Applications/Xcode.app/Contents/Developer/Platforms/MacOSX.platform/Developer/SDKs/MacOSX10.11.sdk/System/Library/Frameworks]
  implicit libs: []
  implicit dirs: [/Applications/Xcode.app/Contents/Developer/Platforms/MacOSX.platform/Developer/SDKs/MacOSX10.11.sdk/usr/lib]
  implicit fwks: [/Applications/Xcode.app/Contents/Developer/Platforms/MacOSX.platform/Developer/SDKs/MacOSX10.11.sdk/System/Library/Frameworks]




Detecting C [-std=c11] compiler features compiled with the following output:
Change Dir: /Users/ninja/carnd/Term3/CarND-Path-Planning-Project/CMakeFiles/CMakeTmp

Run Build Command:"/usr/bin/xcodebuild" "-project" "CMAKE_TRY_COMPILE.xcodeproj" "build" "-target" "cmTC_91b27" "-configuration" "Debug"
=== BUILD TARGET cmTC_91b27 OF PROJECT CMAKE_TRY_COMPILE WITH CONFIGURATION Debug ===

Check dependencies

Write auxiliary files
/bin/mkdir -p /Users/ninja/carnd/Term3/CarND-Path-Planning-Project/CMakeFiles/CMakeTmp/CMAKE_TRY_COMPILE.build/Debug/cmTC_91b27.build/Objects-normal/x86_64
write-file /Users/ninja/carnd/Term3/CarND-Path-Planning-Project/CMakeFiles/CMakeTmp/CMAKE_TRY_COMPILE.build/Debug/cmTC_91b27.build/Objects-normal/x86_64/cmTC_91b27.LinkFileList

CompileC CMAKE_TRY_COMPILE.build/Debug/cmTC_91b27.build/Objects-normal/x86_64/feature_tests.o /Users/ninja/carnd/Term3/CarND-Path-Planning-Project/CMakeFiles/feature_tests.c normal x86_64 c com.apple.compilers.llvm.clang.1_0.compiler
    cd /Users/ninja/carnd/Term3/CarND-Path-Planning-Project/CMakeFiles/CMakeTmp
    export LANG=en_US.US-ASCII
    /Applications/Xcode.app/Contents/Developer/Toolchains/XcodeDefault.xctoolchain/usr/bin/clang -x c -arch x86_64 -fmessage-length=0 -fdiagnostics-show-note-include-stack -fmacro-backtrace-limit=0 -Wno-trigraphs -fpascal-strings -O0 -Wno-missing-field-initializers -Wno-missing-prototypes -Wno-return-type -Wno-missing-braces -Wparentheses -Wswitch -Wno-unused-function -Wno-unused-label -Wno-unused-parameter -Wno-unused-variable -Wunused-value -Wno-empty-body -Wno-uninitialized -Wno-unknown-pragmas -Wno-shadow -Wno-four-char-constants -Wno-conversion -Wno-constant-conversion -Wno-int-conversion -Wno-bool-conversion -Wno-enum-conversion -Wno-shorten-64-to-32 -Wpointer-sign -Wno-newline-eof -DCMAKE_INTDIR=\"Debug\" -isysroot /Applications/Xcode.app/Contents/Developer/Platforms/MacOSX.platform/Developer/SDKs/MacOSX10.11.sdk -fasm-blocks -fstrict-aliasing -Wdeprecated-declarations -mmacosx-version-min=10.10 -g -Wno-sign-conversion -I/Users/ninja/carnd/Term3/CarND-Path-Planning-Project/CMakeFiles/CMakeTmp/Debug/include -I/Users/ninja/carnd/Term3/CarND-Path-Planning-Project/CMakeFiles/CMakeTmp/CMAKE_TRY_COMPILE.build/Debug/cmTC_91b27.build/DerivedSources/x86_64 -I/Users/ninja/carnd/Term3/CarND-Path-Planning-Project/CMakeFiles/CMakeTmp/CMAKE_TRY_COMPILE.build/Debug/cmTC_91b27.build/DerivedSources -Wmost -Wno-four-char-constants -Wno-unknown-pragmas -F/Users/ninja/carnd/Term3/CarND-Path-Planning-Project/CMakeFiles/CMakeTmp/Debug -std=c11 -MMD -MT dependencies -MF /Users/ninja/carnd/Term3/CarND-Path-Planning-Project/CMakeFiles/CMakeTmp/CMAKE_TRY_COMPILE.build/Debug/cmTC_91b27.build/Objects-normal/x86_64/feature_tests.d --serialize-diagnostics /Users/ninja/carnd/Term3/CarND-Path-Planning-Project/CMakeFiles/CMakeTmp/CMAKE_TRY_COMPILE.build/Debug/cmTC_91b27.build/Objects-normal/x86_64/feature_tests.dia -c /Users/ninja/carnd/Term3/CarND-Path-Planning-Project/CMakeFiles/feature_tests.c -o /Users/ninja/carnd/Term3/CarND-Path-Planning-Project/CMakeFiles/CMakeTmp/CMAKE_TRY_COMPILE.build/Debug/cmTC_91b27.build/Objects-normal/x86_64/feature_tests.o

Ld Debug/cmTC_91b27 normal x86_64
    cd /Users/ninja/carnd/Term3/CarND-Path-Planning-Project/CMakeFiles/CMakeTmp
    export MACOSX_DEPLOYMENT_TARGET=10.10
    /Applications/Xcode.app/Contents/Developer/Toolchains/XcodeDefault.xctoolchain/usr/bin/clang -arch x86_64 -isysroot /Applications/Xcode.app/Contents/Developer/Platforms/MacOSX.platform/Developer/SDKs/MacOSX10.11.sdk -L/Users/ninja/carnd/Term3/CarND-Path-Planning-Project/CMakeFiles/CMakeTmp/Debug -F/Users/ninja/carnd/Term3/CarND-Path-Planning-Project/CMakeFiles/CMakeTmp/Debug -filelist /Users/ninja/carnd/Term3/CarND-Path-Planning-Project/CMakeFiles/CMakeTmp/CMAKE_TRY_COMPILE.build/Debug/cmTC_91b27.build/Objects-normal/x86_64/cmTC_91b27.LinkFileList -mmacosx-version-min=10.10 -Wl,-search_paths_first -Wl,-headerpad_max_install_names -Xlinker -dependency_info -Xlinker /Users/ninja/carnd/Term3/CarND-Path-Planning-Project/CMakeFiles/CMakeTmp/CMAKE_TRY_COMPILE.build/Debug/cmTC_91b27.build/Objects-normal/x86_64/cmTC_91b27_dependency_info.dat -o /Users/ninja/carnd/Term3/CarND-Path-Planning-Project/CMakeFiles/CMakeTmp/Debug/cmTC_91b27

** BUILD SUCCEEDED **



    Feature record: C_FEATURE:1c_function_prototypes
    Feature record: C_FEATURE:1c_restrict
    Feature record: C_FEATURE:1c_static_assert
    Feature record: C_FEATURE:1c_variadic_macros


Detecting C [-std=c99] compiler features compiled with the following output:
Change Dir: /Users/ninja/carnd/Term3/CarND-Path-Planning-Project/CMakeFiles/CMakeTmp

Run Build Command:"/usr/bin/xcodebuild" "-project" "CMAKE_TRY_COMPILE.xcodeproj" "build" "-target" "cmTC_6eb6e" "-configuration" "Debug"
=== BUILD TARGET cmTC_6eb6e OF PROJECT CMAKE_TRY_COMPILE WITH CONFIGURATION Debug ===

Check dependencies

Write auxiliary files
/bin/mkdir -p /Users/ninja/carnd/Term3/CarND-Path-Planning-Project/CMakeFiles/CMakeTmp/CMAKE_TRY_COMPILE.build/Debug/cmTC_6eb6e.build/Objects-normal/x86_64
write-file /Users/ninja/carnd/Term3/CarND-Path-Planning-Project/CMakeFiles/CMakeTmp/CMAKE_TRY_COMPILE.build/Debug/cmTC_6eb6e.build/Objects-normal/x86_64/cmTC_6eb6e.LinkFileList

CompileC CMAKE_TRY_COMPILE.build/Debug/cmTC_6eb6e.build/Objects-normal/x86_64/feature_tests.o /Users/ninja/carnd/Term3/CarND-Path-Planning-Project/CMakeFiles/feature_tests.c normal x86_64 c com.apple.compilers.llvm.clang.1_0.compiler
    cd /Users/ninja/carnd/Term3/CarND-Path-Planning-Project/CMakeFiles/CMakeTmp
    export LANG=en_US.US-ASCII
    /Applications/Xcode.app/Contents/Developer/Toolchains/XcodeDefault.xctoolchain/usr/bin/clang -x c -arch x86_64 -fmessage-length=0 -fdiagnostics-show-note-include-stack -fmacro-backtrace-limit=0 -Wno-trigraphs -fpascal-strings -O0 -Wno-missing-field-initializers -Wno-missing-prototypes -Wno-return-type -Wno-missing-braces -Wparentheses -Wswitch -Wno-unused-function -Wno-unused-label -Wno-unused-parameter -Wno-unused-variable -Wunused-value -Wno-empty-body -Wno-uninitialized -Wno-unknown-pragmas -Wno-shadow -Wno-four-char-constants -Wno-conversion -Wno-constant-conversion -Wno-int-conversion -Wno-bool-conversion -Wno-enum-conversion -Wno-shorten-64-to-32 -Wpointer-sign -Wno-newline-eof -DCMAKE_INTDIR=\"Debug\" -isysroot /Applications/Xcode.app/Contents/Developer/Platforms/MacOSX.platform/Developer/SDKs/MacOSX10.11.sdk -fasm-blocks -fstrict-aliasing -Wdeprecated-declarations -mmacosx-version-min=10.10 -g -Wno-sign-conversion -I/Users/ninja/carnd/Term3/CarND-Path-Planning-Project/CMakeFiles/CMakeTmp/Debug/include -I/Users/ninja/carnd/Term3/CarND-Path-Planning-Project/CMakeFiles/CMakeTmp/CMAKE_TRY_COMPILE.build/Debug/cmTC_6eb6e.build/DerivedSources/x86_64 -I/Users/ninja/carnd/Term3/CarND-Path-Planning-Project/CMakeFiles/CMakeTmp/CMAKE_TRY_COMPILE.build/Debug/cmTC_6eb6e.build/DerivedSources -Wmost -Wno-four-char-constants -Wno-unknown-pragmas -F/Users/ninja/carnd/Term3/CarND-Path-Planning-Project/CMakeFiles/CMakeTmp/Debug -std=c99 -MMD -MT dependencies -MF /Users/ninja/carnd/Term3/CarND-Path-Planning-Project/CMakeFiles/CMakeTmp/CMAKE_TRY_COMPILE.build/Debug/cmTC_6eb6e.build/Objects-normal/x86_64/feature_tests.d --serialize-diagnostics /Users/ninja/carnd/Term3/CarND-Path-Planning-Project/CMakeFiles/CMakeTmp/CMAKE_TRY_COMPILE.build/Debug/cmTC_6eb6e.build/Objects-normal/x86_64/feature_tests.dia -c /Users/ninja/carnd/Term3/CarND-Path-Planning-Project/CMakeFiles/feature_tests.c -o /Users/ninja/carnd/Term3/CarND-Path-Planning-Project/CMakeFiles/CMakeTmp/CMAKE_TRY_COMPILE.build/Debug/cmTC_6eb6e.build/Objects-normal/x86_64/feature_tests.o

Ld Debug/cmTC_6eb6e normal x86_64
    cd /Users/ninja/carnd/Term3/CarND-Path-Planning-Project/CMakeFiles/CMakeTmp
    export MACOSX_DEPLOYMENT_TARGET=10.10
    /Applications/Xcode.app/Contents/Developer/Toolchains/XcodeDefault.xctoolchain/usr/bin/clang -arch x86_64 -isysroot /Applications/Xcode.app/Contents/Developer/Platforms/MacOSX.platform/Developer/SDKs/MacOSX10.11.sdk -L/Users/ninja/carnd/Term3/CarND-Path-Planning-Project/CMakeFiles/CMakeTmp/Debug -F/Users/ninja/carnd/Term3/CarND-Path-Planning-Project/CMakeFiles/CMakeTmp/Debug -filelist /Users/ninja/carnd/Term3/CarND-Path-Planning-Project/CMakeFiles/CMakeTmp/CMAKE_TRY_COMPILE.build/Debug/cmTC_6eb6e.build/Objects-normal/x86_64/cmTC_6eb6e.LinkFileList -mmacosx-version-min=10.10 -Wl,-search_paths_first -Wl,-headerpad_max_install_names -Xlinker -dependency_info -Xlinker /Users/ninja/carnd/Term3/CarND-Path-Planning-Project/CMakeFiles/CMakeTmp/CMAKE_TRY_COMPILE.build/Debug/cmTC_6eb6e.build/Objects-normal/x86_64/cmTC_6eb6e_dependency_info.dat -o /Users/ninja/carnd/Term3/CarND-Path-Planning-Project/CMakeFiles/CMakeTmp/Debug/cmTC_6eb6e

** BUILD SUCCEEDED **



    Feature record: C_FEATURE:1c_function_prototypes
    Feature record: C_FEATURE:1c_restrict
    Feature record: C_FEATURE:0c_static_assert
    Feature record: C_FEATURE:1c_variadic_macros


Detecting C [-std=c90] compiler features compiled with the following output:
Change Dir: /Users/ninja/carnd/Term3/CarND-Path-Planning-Project/CMakeFiles/CMakeTmp

Run Build Command:"/usr/bin/xcodebuild" "-project" "CMAKE_TRY_COMPILE.xcodeproj" "build" "-target" "cmTC_d668f" "-configuration" "Debug"
=== BUILD TARGET cmTC_d668f OF PROJECT CMAKE_TRY_COMPILE WITH CONFIGURATION Debug ===

Check dependencies

Write auxiliary files
/bin/mkdir -p /Users/ninja/carnd/Term3/CarND-Path-Planning-Project/CMakeFiles/CMakeTmp/CMAKE_TRY_COMPILE.build/Debug/cmTC_d668f.build/Objects-normal/x86_64
write-file /Users/ninja/carnd/Term3/CarND-Path-Planning-Project/CMakeFiles/CMakeTmp/CMAKE_TRY_COMPILE.build/Debug/cmTC_d668f.build/Objects-normal/x86_64/cmTC_d668f.LinkFileList

CompileC CMAKE_TRY_COMPILE.build/Debug/cmTC_d668f.build/Objects-normal/x86_64/feature_tests.o /Users/ninja/carnd/Term3/CarND-Path-Planning-Project/CMakeFiles/feature_tests.c normal x86_64 c com.apple.compilers.llvm.clang.1_0.compiler
    cd /Users/ninja/carnd/Term3/CarND-Path-Planning-Project/CMakeFiles/CMakeTmp
    export LANG=en_US.US-ASCII
    /Applications/Xcode.app/Contents/Developer/Toolchains/XcodeDefault.xctoolchain/usr/bin/clang -x c -arch x86_64 -fmessage-length=0 -fdiagnostics-show-note-include-stack -fmacro-backtrace-limit=0 -Wno-trigraphs -fpascal-strings -O0 -Wno-missing-field-initializers -Wno-missing-prototypes -Wno-return-type -Wno-missing-braces -Wparentheses -Wswitch -Wno-unused-function -Wno-unused-label -Wno-unused-parameter -Wno-unused-variable -Wunused-value -Wno-empty-body -Wno-uninitialized -Wno-unknown-pragmas -Wno-shadow -Wno-four-char-constants -Wno-conversion -Wno-constant-conversion -Wno-int-conversion -Wno-bool-conversion -Wno-enum-conversion -Wno-shorten-64-to-32 -Wpointer-sign -Wno-newline-eof -DCMAKE_INTDIR=\"Debug\" -isysroot /Applications/Xcode.app/Contents/Developer/Platforms/MacOSX.platform/Developer/SDKs/MacOSX10.11.sdk -fasm-blocks -fstrict-aliasing -Wdeprecated-declarations -mmacosx-version-min=10.10 -g -Wno-sign-conversion -I/Users/ninja/carnd/Term3/CarND-Path-Planning-Project/CMakeFiles/CMakeTmp/Debug/include -I/Users/ninja/carnd/Term3/CarND-Path-Planning-Project/CMakeFiles/CMakeTmp/CMAKE_TRY_COMPILE.build/Debug/cmTC_d668f.build/DerivedSources/x86_64 -I/Users/ninja/carnd/Term3/CarND-Path-Planning-Project/CMakeFiles/CMakeTmp/CMAKE_TRY_COMPILE.build/Debug/cmTC_d668f.build/DerivedSources -Wmost -Wno-four-char-constants -Wno-unknown-pragmas -F/Users/ninja/carnd/Term3/CarND-Path-Planning-Project/CMakeFiles/CMakeTmp/Debug -std=c90 -MMD -MT dependencies -MF /Users/ninja/carnd/Term3/CarND-Path-Planning-Project/CMakeFiles/CMakeTmp/CMAKE_TRY_COMPILE.build/Debug/cmTC_d668f.build/Objects-normal/x86_64/feature_tests.d --serialize-diagnostics /Users/ninja/carnd/Term3/CarND-Path-Planning-Project/CMakeFiles/CMakeTmp/CMAKE_TRY_COMPILE.build/Debug/cmTC_d668f.build/Objects-normal/x86_64/feature_tests.dia -c /Users/ninja/carnd/Term3/CarND-Path-Planning-Project/CMakeFiles/feature_tests.c -o /Users/ninja/carnd/Term3/CarND-Path-Planning-Project/CMakeFiles/CMakeTmp/CMAKE_TRY_COMPILE.build/Debug/cmTC_d668f.build/Objects-normal/x86_64/feature_tests.o

Ld Debug/cmTC_d668f normal x86_64
    cd /Users/ninja/carnd/Term3/CarND-Path-Planning-Project/CMakeFiles/CMakeTmp
    export MACOSX_DEPLOYMENT_TARGET=10.10
    /Applications/Xcode.app/Contents/Developer/Toolchains/XcodeDefault.xctoolchain/usr/bin/clang -arch x86_64 -isysroot /Applications/Xcode.app/Contents/Developer/Platforms/MacOSX.platform/Developer/SDKs/MacOSX10.11.sdk -L/Users/ninja/carnd/Term3/CarND-Path-Planning-Project/CMakeFiles/CMakeTmp/Debug -F/Users/ninja/carnd/Term3/CarND-Path-Planning-Project/CMakeFiles/CMakeTmp/Debug -filelist /Users/ninja/carnd/Term3/CarND-Path-Planning-Project/CMakeFiles/CMakeTmp/CMAKE_TRY_COMPILE.build/Debug/cmTC_d668f.build/Objects-normal/x86_64/cmTC_d668f.LinkFileList -mmacosx-version-min=10.10 -Wl,-search_paths_first -Wl,-headerpad_max_install_names -Xlinker -dependency_info -Xlinker /Users/ninja/carnd/Term3/CarND-Path-Planning-Project/CMakeFiles/CMakeTmp/CMAKE_TRY_COMPILE.build/Debug/cmTC_d668f.build/Objects-normal/x86_64/cmTC_d668f_dependency_info.dat -o /Users/ninja/carnd/Term3/CarND-Path-Planning-Project/CMakeFiles/CMakeTmp/Debug/cmTC_d668f

** BUILD SUCCEEDED **



    Feature record: C_FEATURE:1c_function_prototypes
    Feature record: C_FEATURE:0c_restrict
    Feature record: C_FEATURE:0c_static_assert
    Feature record: C_FEATURE:0c_variadic_macros
Determining if the CXX compiler works passed with the following output:
Change Dir: /Users/ninja/carnd/Term3/CarND-Path-Planning-Project/CMakeFiles/CMakeTmp

Run Build Command:"/usr/bin/xcodebuild" "-project" "CMAKE_TRY_COMPILE.xcodeproj" "build" "-target" "cmTC_dc24d" "-configuration" "Debug"
=== BUILD TARGET cmTC_dc24d OF PROJECT CMAKE_TRY_COMPILE WITH CONFIGURATION Debug ===

Check dependencies

Write auxiliary files
/bin/mkdir -p /Users/ninja/carnd/Term3/CarND-Path-Planning-Project/CMakeFiles/CMakeTmp/CMAKE_TRY_COMPILE.build/Debug/cmTC_dc24d.build/Objects-normal/x86_64
write-file /Users/ninja/carnd/Term3/CarND-Path-Planning-Project/CMakeFiles/CMakeTmp/CMAKE_TRY_COMPILE.build/Debug/cmTC_dc24d.build/Objects-normal/x86_64/cmTC_dc24d.LinkFileList

CompileC CMAKE_TRY_COMPILE.build/Debug/cmTC_dc24d.build/Objects-normal/x86_64/testCXXCompiler.o testCXXCompiler.cxx normal x86_64 c++ com.apple.compilers.llvm.clang.1_0.compiler
    cd /Users/ninja/carnd/Term3/CarND-Path-Planning-Project/CMakeFiles/CMakeTmp
    export LANG=en_US.US-ASCII
    /Applications/Xcode.app/Contents/Developer/Toolchains/XcodeDefault.xctoolchain/usr/bin/clang -x c++ -arch x86_64 -fmessage-length=0 -fdiagnostics-show-note-include-stack -fmacro-backtrace-limit=0 -Wno-trigraphs -fpascal-strings -O0 -Wno-missing-field-initializers -Wno-missing-prototypes -Wno-return-type -Wno-non-virtual-dtor -Wno-overloaded-virtual -Wno-exit-time-destructors -Wno-missing-braces -Wparentheses -Wswitch -Wno-unused-function -Wno-unused-label -Wno-unused-parameter -Wno-unused-variable -Wunused-value -Wno-empty-body -Wno-uninitialized -Wno-unknown-pragmas -Wno-shadow -Wno-four-char-constants -Wno-conversion -Wno-constant-conversion -Wno-int-conversion -Wno-bool-conversion -Wno-enum-conversion -Wno-shorten-64-to-32 -Wno-newline-eof -Wno-c++11-extensions -DCMAKE_INTDIR=\"Debug\" -isysroot /Applications/Xcode.app/Contents/Developer/Platforms/MacOSX.platform/Developer/SDKs/MacOSX10.11.sdk -fasm-blocks -fstrict-aliasing -Wdeprecated-declarations -Winvalid-offsetof -mmacosx-version-min=10.10 -g -Wno-sign-conversion -I/Users/ninja/carnd/Term3/CarND-Path-Planning-Project/CMakeFiles/CMakeTmp/Debug/include -I/Users/ninja/carnd/Term3/CarND-Path-Planning-Project/CMakeFiles/CMakeTmp/CMAKE_TRY_COMPILE.build/Debug/cmTC_dc24d.build/DerivedSources/x86_64 -I/Users/ninja/carnd/Term3/CarND-Path-Planning-Project/CMakeFiles/CMakeTmp/CMAKE_TRY_COMPILE.build/Debug/cmTC_dc24d.build/DerivedSources -Wmost -Wno-four-char-constants -Wno-unknown-pragmas -F/Users/ninja/carnd/Term3/CarND-Path-Planning-Project/CMakeFiles/CMakeTmp/Debug -MMD -MT dependencies -MF /Users/ninja/carnd/Term3/CarND-Path-Planning-Project/CMakeFiles/CMakeTmp/CMAKE_TRY_COMPILE.build/Debug/cmTC_dc24d.build/Objects-normal/x86_64/testCXXCompiler.d --serialize-diagnostics /Users/ninja/carnd/Term3/CarND-Path-Planning-Project/CMakeFiles/CMakeTmp/CMAKE_TRY_COMPILE.build/Debug/cmTC_dc24d.build/Objects-normal/x86_64/testCXXCompiler.dia -c /Users/ninja/carnd/Term3/CarND-Path-Planning-Project/CMakeFiles/CMakeTmp/testCXXCompiler.cxx -o /Users/ninja/carnd/Term3/CarND-Path-Planning-Project/CMakeFiles/CMakeTmp/CMAKE_TRY_COMPILE.build/Debug/cmTC_dc24d.build/Objects-normal/x86_64/testCXXCompiler.o

Ld Debug/cmTC_dc24d normal x86_64
    cd /Users/ninja/carnd/Term3/CarND-Path-Planning-Project/CMakeFiles/CMakeTmp
    export MACOSX_DEPLOYMENT_TARGET=10.10
    /Applications/Xcode.app/Contents/Developer/Toolchains/XcodeDefault.xctoolchain/usr/bin/clang++ -arch x86_64 -isysroot /Applications/Xcode.app/Contents/Developer/Platforms/MacOSX.platform/Developer/SDKs/MacOSX10.11.sdk -L/Users/ninja/carnd/Term3/CarND-Path-Planning-Project/CMakeFiles/CMakeTmp/Debug -F/Users/ninja/carnd/Term3/CarND-Path-Planning-Project/CMakeFiles/CMakeTmp/Debug -filelist /Users/ninja/carnd/Term3/CarND-Path-Planning-Project/CMakeFiles/CMakeTmp/CMAKE_TRY_COMPILE.build/Debug/cmTC_dc24d.build/Objects-normal/x86_64/cmTC_dc24d.LinkFileList -mmacosx-version-min=10.10 -Wl,-search_paths_first -Wl,-headerpad_max_install_names -Xlinker -dependency_info -Xlinker /Users/ninja/carnd/Term3/CarND-Path-Planning-Project/CMakeFiles/CMakeTmp/CMAKE_TRY_COMPILE.build/Debug/cmTC_dc24d.build/Objects-normal/x86_64/cmTC_dc24d_dependency_info.dat -o /Users/ninja/carnd/Term3/CarND-Path-Planning-Project/CMakeFiles/CMakeTmp/Debug/cmTC_dc24d

** BUILD SUCCEEDED **



Detecting CXX compiler ABI info compiled with the following output:
Change Dir: /Users/ninja/carnd/Term3/CarND-Path-Planning-Project/CMakeFiles/CMakeTmp

Run Build Command:"/usr/bin/xcodebuild" "-project" "CMAKE_TRY_COMPILE.xcodeproj" "build" "-target" "cmTC_9875c" "-configuration" "Debug"
=== BUILD TARGET cmTC_9875c OF PROJECT CMAKE_TRY_COMPILE WITH CONFIGURATION Debug ===

Check dependencies

Write auxiliary files
/bin/mkdir -p /Users/ninja/carnd/Term3/CarND-Path-Planning-Project/CMakeFiles/CMakeTmp/CMAKE_TRY_COMPILE.build/Debug/cmTC_9875c.build/Objects-normal/x86_64
write-file /Users/ninja/carnd/Term3/CarND-Path-Planning-Project/CMakeFiles/CMakeTmp/CMAKE_TRY_COMPILE.build/Debug/cmTC_9875c.build/Objects-normal/x86_64/cmTC_9875c.LinkFileList

CompileC CMAKE_TRY_COMPILE.build/Debug/cmTC_9875c.build/Objects-normal/x86_64/CMakeCXXCompilerABI.o /usr/local/share/cmake-3.9/Modules/CMakeCXXCompilerABI.cpp normal x86_64 c++ com.apple.compilers.llvm.clang.1_0.compiler
    cd /Users/ninja/carnd/Term3/CarND-Path-Planning-Project/CMakeFiles/CMakeTmp
    export LANG=en_US.US-ASCII
    /Applications/Xcode.app/Contents/Developer/Toolchains/XcodeDefault.xctoolchain/usr/bin/clang -x c++ -arch x86_64 -fmessage-length=0 -fdiagnostics-show-note-include-stack -fmacro-backtrace-limit=0 -Wno-trigraphs -fpascal-strings -O0 -Wno-missing-field-initializers -Wno-missing-prototypes -Wno-return-type -Wno-non-virtual-dtor -Wno-overloaded-virtual -Wno-exit-time-destructors -Wno-missing-braces -Wparentheses -Wswitch -Wno-unused-function -Wno-unused-label -Wno-unused-parameter -Wno-unused-variable -Wunused-value -Wno-empty-body -Wno-uninitialized -Wno-unknown-pragmas -Wno-shadow -Wno-four-char-constants -Wno-conversion -Wno-constant-conversion -Wno-int-conversion -Wno-bool-conversion -Wno-enum-conversion -Wno-shorten-64-to-32 -Wno-newline-eof -Wno-c++11-extensions -DCMAKE_INTDIR=\"Debug\" -isysroot /Applications/Xcode.app/Contents/Developer/Platforms/MacOSX.platform/Developer/SDKs/MacOSX10.11.sdk -fasm-blocks -fstrict-aliasing -Wdeprecated-declarations -Winvalid-offsetof -mmacosx-version-min=10.10 -g -Wno-sign-conversion -I/Users/ninja/carnd/Term3/CarND-Path-Planning-Project/CMakeFiles/CMakeTmp/Debug/include -I/Users/ninja/carnd/Term3/CarND-Path-Planning-Project/CMakeFiles/CMakeTmp/CMAKE_TRY_COMPILE.build/Debug/cmTC_9875c.build/DerivedSources/x86_64 -I/Users/ninja/carnd/Term3/CarND-Path-Planning-Project/CMakeFiles/CMakeTmp/CMAKE_TRY_COMPILE.build/Debug/cmTC_9875c.build/DerivedSources -Wmost -Wno-four-char-constants -Wno-unknown-pragmas -F/Users/ninja/carnd/Term3/CarND-Path-Planning-Project/CMakeFiles/CMakeTmp/Debug -MMD -MT dependencies -MF /Users/ninja/carnd/Term3/CarND-Path-Planning-Project/CMakeFiles/CMakeTmp/CMAKE_TRY_COMPILE.build/Debug/cmTC_9875c.build/Objects-normal/x86_64/CMakeCXXCompilerABI.d --serialize-diagnostics /Users/ninja/carnd/Term3/CarND-Path-Planning-Project/CMakeFiles/CMakeTmp/CMAKE_TRY_COMPILE.build/Debug/cmTC_9875c.build/Objects-normal/x86_64/CMakeCXXCompilerABI.dia -c /usr/local/share/cmake-3.9/Modules/CMakeCXXCompilerABI.cpp -o /Users/ninja/carnd/Term3/CarND-Path-Planning-Project/CMakeFiles/CMakeTmp/CMAKE_TRY_COMPILE.build/Debug/cmTC_9875c.build/Objects-normal/x86_64/CMakeCXXCompilerABI.o

Ld Debug/cmTC_9875c normal x86_64
    cd /Users/ninja/carnd/Term3/CarND-Path-Planning-Project/CMakeFiles/CMakeTmp
    export MACOSX_DEPLOYMENT_TARGET=10.10
    /Applications/Xcode.app/Contents/Developer/Toolchains/XcodeDefault.xctoolchain/usr/bin/clang++ -arch x86_64 -isysroot /Applications/Xcode.app/Contents/Developer/Platforms/MacOSX.platform/Developer/SDKs/MacOSX10.11.sdk -L/Users/ninja/carnd/Term3/CarND-Path-Planning-Project/CMakeFiles/CMakeTmp/Debug -F/Users/ninja/carnd/Term3/CarND-Path-Planning-Project/CMakeFiles/CMakeTmp/Debug -filelist /Users/ninja/carnd/Term3/CarND-Path-Planning-Project/CMakeFiles/CMakeTmp/CMAKE_TRY_COMPILE.build/Debug/cmTC_9875c.build/Objects-normal/x86_64/cmTC_9875c.LinkFileList -mmacosx-version-min=10.10 -v -Wl,-v -Wl,-search_paths_first -Wl,-headerpad_max_install_names -Xlinker -dependency_info -Xlinker /Users/ninja/carnd/Term3/CarND-Path-Planning-Project/CMakeFiles/CMakeTmp/CMAKE_TRY_COMPILE.build/Debug/cmTC_9875c.build/Objects-normal/x86_64/cmTC_9875c_dependency_info.dat -o /Users/ninja/carnd/Term3/CarND-Path-Planning-Project/CMakeFiles/CMakeTmp/Debug/cmTC_9875c
Apple LLVM version 7.0.0 (clang-700.1.76)
Target: x86_64-apple-darwin14.5.0
Thread model: posix
 "/Applications/Xcode.app/Contents/Developer/Toolchains/XcodeDefault.xctoolchain/usr/bin/ld" -demangle -dynamic -arch x86_64 -macosx_version_min 10.10.0 -syslibroot /Applications/Xcode.app/Contents/Developer/Platforms/MacOSX.platform/Developer/SDKs/MacOSX10.11.sdk -o /Users/ninja/carnd/Term3/CarND-Path-Planning-Project/CMakeFiles/CMakeTmp/Debug/cmTC_9875c -L/Users/ninja/carnd/Term3/CarND-Path-Planning-Project/CMakeFiles/CMakeTmp/Debug -filelist /Users/ninja/carnd/Term3/CarND-Path-Planning-Project/CMakeFiles/CMakeTmp/CMAKE_TRY_COMPILE.build/Debug/cmTC_9875c.build/Objects-normal/x86_64/cmTC_9875c.LinkFileList -v -search_paths_first -headerpad_max_install_names -dependency_info /Users/ninja/carnd/Term3/CarND-Path-Planning-Project/CMakeFiles/CMakeTmp/CMAKE_TRY_COMPILE.build/Debug/cmTC_9875c.build/Objects-normal/x86_64/cmTC_9875c_dependency_info.dat -lc++ -lSystem /Applications/Xcode.app/Contents/Developer/Toolchains/XcodeDefault.xctoolchain/usr/bin/../lib/clang/7.0.0/lib/darwin/libclang_rt.osx.a -F/Users/ninja/carnd/Term3/CarND-Path-Planning-Project/CMakeFiles/CMakeTmp/Debug
@(#)PROGRAM:ld  PROJECT:ld64-253.6
configured to support archs: armv6 armv7 armv7s arm64 i386 x86_64 x86_64h armv6m armv7k armv7m armv7em (tvOS)
Library search paths:
	/Users/ninja/carnd/Term3/CarND-Path-Planning-Project/CMakeFiles/CMakeTmp/Debug
	/Applications/Xcode.app/Contents/Developer/Platforms/MacOSX.platform/Developer/SDKs/MacOSX10.11.sdk/usr/lib
Framework search paths:
	/Users/ninja/carnd/Term3/CarND-Path-Planning-Project/CMakeFiles/CMakeTmp/Debug
	/Applications/Xcode.app/Contents/Developer/Platforms/MacOSX.platform/Developer/SDKs/MacOSX10.11.sdk/System/Library/Frameworks/

** BUILD SUCCEEDED **



Parsed CXX implicit link information from above output:
  link line regex: [^( *|.*[/\])(ld|CMAKE_LINK_STARTFILE-NOTFOUND|([^/\]+-)?ld|collect2)[^/\]*( |$)]
  ignore line: [Change Dir: /Users/ninja/carnd/Term3/CarND-Path-Planning-Project/CMakeFiles/CMakeTmp]
  ignore line: []
  ignore line: [Run Build Command:"/usr/bin/xcodebuild" "-project" "CMAKE_TRY_COMPILE.xcodeproj" "build" "-target" "cmTC_9875c" "-configuration" "Debug"]
  ignore line: [=== BUILD TARGET cmTC_9875c OF PROJECT CMAKE_TRY_COMPILE WITH CONFIGURATION Debug ===]
  ignore line: []
  ignore line: [Check dependencies]
  ignore line: []
  ignore line: [Write auxiliary files]
  ignore line: [/bin/mkdir -p /Users/ninja/carnd/Term3/CarND-Path-Planning-Project/CMakeFiles/CMakeTmp/CMAKE_TRY_COMPILE.build/Debug/cmTC_9875c.build/Objects-normal/x86_64]
  ignore line: [write-file /Users/ninja/carnd/Term3/CarND-Path-Planning-Project/CMakeFiles/CMakeTmp/CMAKE_TRY_COMPILE.build/Debug/cmTC_9875c.build/Objects-normal/x86_64/cmTC_9875c.LinkFileList]
  ignore line: []
  ignore line: [CompileC CMAKE_TRY_COMPILE.build/Debug/cmTC_9875c.build/Objects-normal/x86_64/CMakeCXXCompilerABI.o /usr/local/share/cmake-3.9/Modules/CMakeCXXCompilerABI.cpp normal x86_64 c++ com.apple.compilers.llvm.clang.1_0.compiler]
  ignore line: [    cd /Users/ninja/carnd/Term3/CarND-Path-Planning-Project/CMakeFiles/CMakeTmp]
  ignore line: [    export LANG=en_US.US-ASCII]
  ignore line: [    /Applications/Xcode.app/Contents/Developer/Toolchains/XcodeDefault.xctoolchain/usr/bin/clang -x c++ -arch x86_64 -fmessage-length=0 -fdiagnostics-show-note-include-stack -fmacro-backtrace-limit=0 -Wno-trigraphs -fpascal-strings -O0 -Wno-missing-field-initializers -Wno-missing-prototypes -Wno-return-type -Wno-non-virtual-dtor -Wno-overloaded-virtual -Wno-exit-time-destructors -Wno-missing-braces -Wparentheses -Wswitch -Wno-unused-function -Wno-unused-label -Wno-unused-parameter -Wno-unused-variable -Wunused-value -Wno-empty-body -Wno-uninitialized -Wno-unknown-pragmas -Wno-shadow -Wno-four-char-constants -Wno-conversion -Wno-constant-conversion -Wno-int-conversion -Wno-bool-conversion -Wno-enum-conversion -Wno-shorten-64-to-32 -Wno-newline-eof -Wno-c++11-extensions -DCMAKE_INTDIR=\"Debug\" -isysroot /Applications/Xcode.app/Contents/Developer/Platforms/MacOSX.platform/Developer/SDKs/MacOSX10.11.sdk -fasm-blocks -fstrict-aliasing -Wdeprecated-declarations -Winvalid-offsetof -mmacosx-version-min=10.10 -g -Wno-sign-conversion -I/Users/ninja/carnd/Term3/CarND-Path-Planning-Project/CMakeFiles/CMakeTmp/Debug/include -I/Users/ninja/carnd/Term3/CarND-Path-Planning-Project/CMakeFiles/CMakeTmp/CMAKE_TRY_COMPILE.build/Debug/cmTC_9875c.build/DerivedSources/x86_64 -I/Users/ninja/carnd/Term3/CarND-Path-Planning-Project/CMakeFiles/CMakeTmp/CMAKE_TRY_COMPILE.build/Debug/cmTC_9875c.build/DerivedSources -Wmost -Wno-four-char-constants -Wno-unknown-pragmas -F/Users/ninja/carnd/Term3/CarND-Path-Planning-Project/CMakeFiles/CMakeTmp/Debug -MMD -MT dependencies -MF /Users/ninja/carnd/Term3/CarND-Path-Planning-Project/CMakeFiles/CMakeTmp/CMAKE_TRY_COMPILE.build/Debug/cmTC_9875c.build/Objects-normal/x86_64/CMakeCXXCompilerABI.d --serialize-diagnostics /Users/ninja/carnd/Term3/CarND-Path-Planning-Project/CMakeFiles/CMakeTmp/CMAKE_TRY_COMPILE.build/Debug/cmTC_9875c.build/Objects-normal/x86_64/CMakeCXXCompilerABI.dia -c /usr/local/share/cmake-3.9/Modules/CMakeCXXCompilerABI.cpp -o /Users/ninja/carnd/Term3/CarND-Path-Planning-Project/CMakeFiles/CMakeTmp/CMAKE_TRY_COMPILE.build/Debug/cmTC_9875c.build/Objects-normal/x86_64/CMakeCXXCompilerABI.o]
  ignore line: []
  ignore line: [Ld Debug/cmTC_9875c normal x86_64]
  ignore line: [    cd /Users/ninja/carnd/Term3/CarND-Path-Planning-Project/CMakeFiles/CMakeTmp]
  ignore line: [    export MACOSX_DEPLOYMENT_TARGET=10.10]
  ignore line: [    /Applications/Xcode.app/Contents/Developer/Toolchains/XcodeDefault.xctoolchain/usr/bin/clang++ -arch x86_64 -isysroot /Applications/Xcode.app/Contents/Developer/Platforms/MacOSX.platform/Developer/SDKs/MacOSX10.11.sdk -L/Users/ninja/carnd/Term3/CarND-Path-Planning-Project/CMakeFiles/CMakeTmp/Debug -F/Users/ninja/carnd/Term3/CarND-Path-Planning-Project/CMakeFiles/CMakeTmp/Debug -filelist /Users/ninja/carnd/Term3/CarND-Path-Planning-Project/CMakeFiles/CMakeTmp/CMAKE_TRY_COMPILE.build/Debug/cmTC_9875c.build/Objects-normal/x86_64/cmTC_9875c.LinkFileList -mmacosx-version-min=10.10 -v -Wl,-v -Wl,-search_paths_first -Wl,-headerpad_max_install_names -Xlinker -dependency_info -Xlinker /Users/ninja/carnd/Term3/CarND-Path-Planning-Project/CMakeFiles/CMakeTmp/CMAKE_TRY_COMPILE.build/Debug/cmTC_9875c.build/Objects-normal/x86_64/cmTC_9875c_dependency_info.dat -o /Users/ninja/carnd/Term3/CarND-Path-Planning-Project/CMakeFiles/CMakeTmp/Debug/cmTC_9875c]
  ignore line: [Apple LLVM version 7.0.0 (clang-700.1.76)]
  ignore line: [Target: x86_64-apple-darwin14.5.0]
  ignore line: [Thread model: posix]
  reduced line: [ "/Applications/Xcode.app/Contents/Developer/Toolchains/XcodeDefault.xctoolchain/usr/bin/ld" -demangle -dynamic -arch x86_64 -macosx_version_min 10.10.0 -syslibroot /Applications/Xcode.app/Contents/Developer/Platforms/MacOSX.platform/Developer/SDKs/MacOSX10.11.sdk -o /Users/ninja/carnd/Term3/CarND-Path-Planning-Project/CMakeFiles/CMakeTmp/Debug/cmTC_9875c -L/Users/ninja/carnd/Term3/CarND-Path-Planning-Project/CMakeFiles/CMakeTmp/Debug -filelist /Users/ninja/carnd/Term3/CarND-Path-Planning-Project/CMakeFiles/CMakeTmp/CMAKE_TRY_COMPILE.build/Debug/cmTC_9875c.build/Objects-normal/x86_64/cmTC_9875c.LinkFileList -v -search_paths_first -headerpad_max_install_names -dependency_info /Users/ninja/carnd/Term3/CarND-Path-Planning-Project/CMakeFiles/CMakeTmp/CMAKE_TRY_COMPILE.build/Debug/cmTC_9875c.build/Objects-normal/x86_64/cmTC_9875c_dependency_info.dat -lc++ -lSystem /Applications/Xcode.app/Contents/Developer/Toolchains/XcodeDefault.xctoolchain/usr/bin/../lib/clang/7.0.0/lib/darwin/libclang_rt.osx.a -F/Users/ninja/carnd/Term3/CarND-Path-Planning-Project/CMakeFiles/CMakeTmp/Debug]
            to: [ "/Applications/Xcode.app/Contents/Developer/Toolchains/XcodeDefault.xctoolchain/usr/bin/ld" -demangle -dynamic -arch x86_64 -macosx_version_min 10.10.0 -syslibroot /Applications/Xcode.app/Contents/Developer/Platforms/MacOSX.platform/Developer/SDKs/MacOSX10.11.sdk -o /Users/ninja/carnd/Term3/CarND-Path-Planning-Project/CMakeFiles/CMakeTmp/Debug/cmTC_9875c -filelist /Users/ninja/carnd/Term3/CarND-Path-Planning-Project/CMakeFiles/CMakeTmp/CMAKE_TRY_COMPILE.build/Debug/cmTC_9875c.build/Objects-normal/x86_64/cmTC_9875c.LinkFileList -v -search_paths_first -headerpad_max_install_names -dependency_info /Users/ninja/carnd/Term3/CarND-Path-Planning-Project/CMakeFiles/CMakeTmp/CMAKE_TRY_COMPILE.build/Debug/cmTC_9875c.build/Objects-normal/x86_64/cmTC_9875c_dependency_info.dat -lc++ -lSystem /Applications/Xcode.app/Contents/Developer/Toolchains/XcodeDefault.xctoolchain/usr/bin/../lib/clang/7.0.0/lib/darwin/libclang_rt.osx.a ]
  link line: [ "/Applications/Xcode.app/Contents/Developer/Toolchains/XcodeDefault.xctoolchain/usr/bin/ld" -demangle -dynamic -arch x86_64 -macosx_version_min 10.10.0 -syslibroot /Applications/Xcode.app/Contents/Developer/Platforms/MacOSX.platform/Developer/SDKs/MacOSX10.11.sdk -o /Users/ninja/carnd/Term3/CarND-Path-Planning-Project/CMakeFiles/CMakeTmp/Debug/cmTC_9875c -filelist /Users/ninja/carnd/Term3/CarND-Path-Planning-Project/CMakeFiles/CMakeTmp/CMAKE_TRY_COMPILE.build/Debug/cmTC_9875c.build/Objects-normal/x86_64/cmTC_9875c.LinkFileList -v -search_paths_first -headerpad_max_install_names -dependency_info /Users/ninja/carnd/Term3/CarND-Path-Planning-Project/CMakeFiles/CMakeTmp/CMAKE_TRY_COMPILE.build/Debug/cmTC_9875c.build/Objects-normal/x86_64/cmTC_9875c_dependency_info.dat -lc++ -lSystem /Applications/Xcode.app/Contents/Developer/Toolchains/XcodeDefault.xctoolchain/usr/bin/../lib/clang/7.0.0/lib/darwin/libclang_rt.osx.a ]
    arg [/Applications/Xcode.app/Contents/Developer/Toolchains/XcodeDefault.xctoolchain/usr/bin/ld] ==> ignore
    arg [-demangle] ==> ignore
    arg [-dynamic] ==> ignore
    arg [-arch] ==> ignore
    arg [x86_64] ==> ignore
    arg [-macosx_version_min] ==> ignore
    arg [10.10.0] ==> ignore
    arg [-syslibroot] ==> ignore
    arg [/Applications/Xcode.app/Contents/Developer/Platforms/MacOSX.platform/Developer/SDKs/MacOSX10.11.sdk] ==> ignore
    arg [-o] ==> ignore
    arg [/Users/ninja/carnd/Term3/CarND-Path-Planning-Project/CMakeFiles/CMakeTmp/Debug/cmTC_9875c] ==> ignore
    arg [-filelist] ==> ignore
    arg [/Users/ninja/carnd/Term3/CarND-Path-Planning-Project/CMakeFiles/CMakeTmp/CMAKE_TRY_COMPILE.build/Debug/cmTC_9875c.build/Objects-normal/x86_64/cmTC_9875c.LinkFileList] ==> ignore
    arg [-v] ==> ignore
    arg [-search_paths_first] ==> ignore
    arg [-headerpad_max_install_names] ==> ignore
    arg [-dependency_info] ==> ignore
    arg [/Users/ninja/carnd/Term3/CarND-Path-Planning-Project/CMakeFiles/CMakeTmp/CMAKE_TRY_COMPILE.build/Debug/cmTC_9875c.build/Objects-normal/x86_64/cmTC_9875c_dependency_info.dat] ==> ignore
    arg [-lc++] ==> lib [c++]
    arg [-lSystem] ==> lib [System]
    arg [/Applications/Xcode.app/Contents/Developer/Toolchains/XcodeDefault.xctoolchain/usr/bin/../lib/clang/7.0.0/lib/darwin/libclang_rt.osx.a] ==> lib [/Applications/Xcode.app/Contents/Developer/Toolchains/XcodeDefault.xctoolchain/usr/bin/../lib/clang/7.0.0/lib/darwin/libclang_rt.osx.a]
  Library search paths: [;/Users/ninja/carnd/Term3/CarND-Path-Planning-Project/CMakeFiles/CMakeTmp/Debug;/Applications/Xcode.app/Contents/Developer/Platforms/MacOSX.platform/Developer/SDKs/MacOSX10.11.sdk/usr/lib]
  Framework search paths: [;/Users/ninja/carnd/Term3/CarND-Path-Planning-Project/CMakeFiles/CMakeTmp/Debug;/Applications/Xcode.app/Contents/Developer/Platforms/MacOSX.platform/Developer/SDKs/MacOSX10.11.sdk/System/Library/Frameworks/]
  remove lib [System]
  remove lib [/Applications/Xcode.app/Contents/Developer/Toolchains/XcodeDefault.xctoolchain/usr/bin/../lib/clang/7.0.0/lib/darwin/libclang_rt.osx.a]
  collapse library dir [/Users/ninja/carnd/Term3/CarND-Path-Planning-Project/CMakeFiles/CMakeTmp/Debug] ==> [/Users/ninja/carnd/Term3/CarND-Path-Planning-Project/CMakeFiles/CMakeTmp/Debug], skipping non-system directory
  collapse library dir [/Applications/Xcode.app/Contents/Developer/Platforms/MacOSX.platform/Developer/SDKs/MacOSX10.11.sdk/usr/lib] ==> [/Applications/Xcode.app/Contents/Developer/Platforms/MacOSX.platform/Developer/SDKs/MacOSX10.11.sdk/usr/lib]
  collapse framework dir [/Users/ninja/carnd/Term3/CarND-Path-Planning-Project/CMakeFiles/CMakeTmp/Debug] ==> [/Users/ninja/carnd/Term3/CarND-Path-Planning-Project/CMakeFiles/CMakeTmp/Debug], skipping non-system directory
  collapse framework dir [/Applications/Xcode.app/Contents/Developer/Platforms/MacOSX.platform/Developer/SDKs/MacOSX10.11.sdk/System/Library/Frameworks/] ==> [/Applications/Xcode.app/Contents/Developer/Platforms/MacOSX.platform/Developer/SDKs/MacOSX10.11.sdk/System/Library/Frameworks]
  implicit libs: [c++]
  implicit dirs: [/Applications/Xcode.app/Contents/Developer/Platforms/MacOSX.platform/Developer/SDKs/MacOSX10.11.sdk/usr/lib]
  implicit fwks: [/Applications/Xcode.app/Contents/Developer/Platforms/MacOSX.platform/Developer/SDKs/MacOSX10.11.sdk/System/Library/Frameworks]




Detecting CXX [-std=c++1z] compiler features compiled with the following output:
Change Dir: /Users/ninja/carnd/Term3/CarND-Path-Planning-Project/CMakeFiles/CMakeTmp

Run Build Command:"/usr/bin/xcodebuild" "-project" "CMAKE_TRY_COMPILE.xcodeproj" "build" "-target" "cmTC_f8ded" "-configuration" "Debug"
=== BUILD TARGET cmTC_f8ded OF PROJECT CMAKE_TRY_COMPILE WITH CONFIGURATION Debug ===

Check dependencies

Write auxiliary files
/bin/mkdir -p /Users/ninja/carnd/Term3/CarND-Path-Planning-Project/CMakeFiles/CMakeTmp/CMAKE_TRY_COMPILE.build/Debug/cmTC_f8ded.build/Objects-normal/x86_64
write-file /Users/ninja/carnd/Term3/CarND-Path-Planning-Project/CMakeFiles/CMakeTmp/CMAKE_TRY_COMPILE.build/Debug/cmTC_f8ded.build/Objects-normal/x86_64/cmTC_f8ded.LinkFileList

CompileC CMAKE_TRY_COMPILE.build/Debug/cmTC_f8ded.build/Objects-normal/x86_64/feature_tests.o /Users/ninja/carnd/Term3/CarND-Path-Planning-Project/CMakeFiles/feature_tests.cxx normal x86_64 c++ com.apple.compilers.llvm.clang.1_0.compiler
    cd /Users/ninja/carnd/Term3/CarND-Path-Planning-Project/CMakeFiles/CMakeTmp
    export LANG=en_US.US-ASCII
    /Applications/Xcode.app/Contents/Developer/Toolchains/XcodeDefault.xctoolchain/usr/bin/clang -x c++ -arch x86_64 -fmessage-length=0 -fdiagnostics-show-note-include-stack -fmacro-backtrace-limit=0 -Wno-trigraphs -fpascal-strings -O0 -Wno-missing-field-initializers -Wno-missing-prototypes -Wno-return-type -Wno-non-virtual-dtor -Wno-overloaded-virtual -Wno-exit-time-destructors -Wno-missing-braces -Wparentheses -Wswitch -Wno-unused-function -Wno-unused-label -Wno-unused-parameter -Wno-unused-variable -Wunused-value -Wno-empty-body -Wno-uninitialized -Wno-unknown-pragmas -Wno-shadow -Wno-four-char-constants -Wno-conversion -Wno-constant-conversion -Wno-int-conversion -Wno-bool-conversion -Wno-enum-conversion -Wno-shorten-64-to-32 -Wno-newline-eof -Wno-c++11-extensions -DCMAKE_INTDIR=\"Debug\" -isysroot /Applications/Xcode.app/Contents/Developer/Platforms/MacOSX.platform/Developer/SDKs/MacOSX10.11.sdk -fasm-blocks -fstrict-aliasing -Wdeprecated-declarations -Winvalid-offsetof -mmacosx-version-min=10.10 -g -Wno-sign-conversion -I/Users/ninja/carnd/Term3/CarND-Path-Planning-Project/CMakeFiles/CMakeTmp/Debug/include -I/Users/ninja/carnd/Term3/CarND-Path-Planning-Project/CMakeFiles/CMakeTmp/CMAKE_TRY_COMPILE.build/Debug/cmTC_f8ded.build/DerivedSources/x86_64 -I/Users/ninja/carnd/Term3/CarND-Path-Planning-Project/CMakeFiles/CMakeTmp/CMAKE_TRY_COMPILE.build/Debug/cmTC_f8ded.build/DerivedSources -Wmost -Wno-four-char-constants -Wno-unknown-pragmas -F/Users/ninja/carnd/Term3/CarND-Path-Planning-Project/CMakeFiles/CMakeTmp/Debug -std=c++1z -MMD -MT dependencies -MF /Users/ninja/carnd/Term3/CarND-Path-Planning-Project/CMakeFiles/CMakeTmp/CMAKE_TRY_COMPILE.build/Debug/cmTC_f8ded.build/Objects-normal/x86_64/feature_tests.d --serialize-diagnostics /Users/ninja/carnd/Term3/CarND-Path-Planning-Project/CMakeFiles/CMakeTmp/CMAKE_TRY_COMPILE.build/Debug/cmTC_f8ded.build/Objects-normal/x86_64/feature_tests.dia -c /Users/ninja/carnd/Term3/CarND-Path-Planning-Project/CMakeFiles/feature_tests.cxx -o /Users/ninja/carnd/Term3/CarND-Path-Planning-Project/CMakeFiles/CMakeTmp/CMAKE_TRY_COMPILE.build/Debug/cmTC_f8ded.build/Objects-normal/x86_64/feature_tests.o

Ld Debug/cmTC_f8ded normal x86_64
    cd /Users/ninja/carnd/Term3/CarND-Path-Planning-Project/CMakeFiles/CMakeTmp
    export MACOSX_DEPLOYMENT_TARGET=10.10
    /Applications/Xcode.app/Contents/Developer/Toolchains/XcodeDefault.xctoolchain/usr/bin/clang++ -arch x86_64 -isysroot /Applications/Xcode.app/Contents/Developer/Platforms/MacOSX.platform/Developer/SDKs/MacOSX10.11.sdk -L/Users/ninja/carnd/Term3/CarND-Path-Planning-Project/CMakeFiles/CMakeTmp/Debug -F/Users/ninja/carnd/Term3/CarND-Path-Planning-Project/CMakeFiles/CMakeTmp/Debug -filelist /Users/ninja/carnd/Term3/CarND-Path-Planning-Project/CMakeFiles/CMakeTmp/CMAKE_TRY_COMPILE.build/Debug/cmTC_f8ded.build/Objects-normal/x86_64/cmTC_f8ded.LinkFileList -mmacosx-version-min=10.10 -Wl,-search_paths_first -Wl,-headerpad_max_install_names -Xlinker -dependency_info -Xlinker /Users/ninja/carnd/Term3/CarND-Path-Planning-Project/CMakeFiles/CMakeTmp/CMAKE_TRY_COMPILE.build/Debug/cmTC_f8ded.build/Objects-normal/x86_64/cmTC_f8ded_dependency_info.dat -o /Users/ninja/carnd/Term3/CarND-Path-Planning-Project/CMakeFiles/CMakeTmp/Debug/cmTC_f8ded

** BUILD SUCCEEDED **



    Feature record: CXX_FEATURE:1cxx_aggregate_default_initializers
    Feature record: CXX_FEATURE:1cxx_alias_templates
    Feature record: CXX_FEATURE:1cxx_alignas
    Feature record: CXX_FEATURE:1cxx_alignof
    Feature record: CXX_FEATURE:1cxx_attributes
    Feature record: CXX_FEATURE:1cxx_attribute_deprecated
    Feature record: CXX_FEATURE:1cxx_auto_type
    Feature record: CXX_FEATURE:1cxx_binary_literals
    Feature record: CXX_FEATURE:1cxx_constexpr
    Feature record: CXX_FEATURE:1cxx_contextual_conversions
    Feature record: CXX_FEATURE:1cxx_decltype
    Feature record: CXX_FEATURE:1cxx_decltype_auto
    Feature record: CXX_FEATURE:1cxx_decltype_incomplete_return_types
    Feature record: CXX_FEATURE:1cxx_default_function_template_args
    Feature record: CXX_FEATURE:1cxx_defaulted_functions
    Feature record: CXX_FEATURE:1cxx_defaulted_move_initializers
    Feature record: CXX_FEATURE:1cxx_delegating_constructors
    Feature record: CXX_FEATURE:1cxx_deleted_functions
    Feature record: CXX_FEATURE:1cxx_digit_separators
    Feature record: CXX_FEATURE:1cxx_enum_forward_declarations
    Feature record: CXX_FEATURE:1cxx_explicit_conversions
    Feature record: CXX_FEATURE:1cxx_extended_friend_declarations
    Feature record: CXX_FEATURE:1cxx_extern_templates
    Feature record: CXX_FEATURE:1cxx_final
    Feature record: CXX_FEATURE:1cxx_func_identifier
    Feature record: CXX_FEATURE:1cxx_generalized_initializers
    Feature record: CXX_FEATURE:1cxx_generic_lambdas
    Feature record: CXX_FEATURE:1cxx_inheriting_constructors
    Feature record: CXX_FEATURE:1cxx_inline_namespaces
    Feature record: CXX_FEATURE:1cxx_lambdas
    Feature record: CXX_FEATURE:1cxx_lambda_init_captures
    Feature record: CXX_FEATURE:1cxx_local_type_template_args
    Feature record: CXX_FEATURE:1cxx_long_long_type
    Feature record: CXX_FEATURE:1cxx_noexcept
    Feature record: CXX_FEATURE:1cxx_nonstatic_member_init
    Feature record: CXX_FEATURE:1cxx_nullptr
    Feature record: CXX_FEATURE:1cxx_override
    Feature record: CXX_FEATURE:1cxx_range_for
    Feature record: CXX_FEATURE:1cxx_raw_string_literals
    Feature record: CXX_FEATURE:1cxx_reference_qualified_functions
    Feature record: CXX_FEATURE:1cxx_relaxed_constexpr
    Feature record: CXX_FEATURE:1cxx_return_type_deduction
    Feature record: CXX_FEATURE:1cxx_right_angle_brackets
    Feature record: CXX_FEATURE:1cxx_rvalue_references
    Feature record: CXX_FEATURE:1cxx_sizeof_member
    Feature record: CXX_FEATURE:1cxx_static_assert
    Feature record: CXX_FEATURE:1cxx_strong_enums
    Feature record: CXX_FEATURE:1cxx_template_template_parameters
    Feature record: CXX_FEATURE:0cxx_thread_local
    Feature record: CXX_FEATURE:1cxx_trailing_return_types
    Feature record: CXX_FEATURE:1cxx_unicode_literals
    Feature record: CXX_FEATURE:1cxx_uniform_initialization
    Feature record: CXX_FEATURE:1cxx_unrestricted_unions
    Feature record: CXX_FEATURE:1cxx_user_literals
    Feature record: CXX_FEATURE:1cxx_variable_templates
    Feature record: CXX_FEATURE:1cxx_variadic_macros
    Feature record: CXX_FEATURE:1cxx_variadic_templates


Detecting CXX [-std=c++14] compiler features compiled with the following output:
Change Dir: /Users/ninja/carnd/Term3/CarND-Path-Planning-Project/CMakeFiles/CMakeTmp

Run Build Command:"/usr/bin/xcodebuild" "-project" "CMAKE_TRY_COMPILE.xcodeproj" "build" "-target" "cmTC_075fa" "-configuration" "Debug"
=== BUILD TARGET cmTC_075fa OF PROJECT CMAKE_TRY_COMPILE WITH CONFIGURATION Debug ===

Check dependencies

Write auxiliary files
/bin/mkdir -p /Users/ninja/carnd/Term3/CarND-Path-Planning-Project/CMakeFiles/CMakeTmp/CMAKE_TRY_COMPILE.build/Debug/cmTC_075fa.build/Objects-normal/x86_64
write-file /Users/ninja/carnd/Term3/CarND-Path-Planning-Project/CMakeFiles/CMakeTmp/CMAKE_TRY_COMPILE.build/Debug/cmTC_075fa.build/Objects-normal/x86_64/cmTC_075fa.LinkFileList

CompileC CMAKE_TRY_COMPILE.build/Debug/cmTC_075fa.build/Objects-normal/x86_64/feature_tests.o /Users/ninja/carnd/Term3/CarND-Path-Planning-Project/CMakeFiles/feature_tests.cxx normal x86_64 c++ com.apple.compilers.llvm.clang.1_0.compiler
    cd /Users/ninja/carnd/Term3/CarND-Path-Planning-Project/CMakeFiles/CMakeTmp
    export LANG=en_US.US-ASCII
    /Applications/Xcode.app/Contents/Developer/Toolchains/XcodeDefault.xctoolchain/usr/bin/clang -x c++ -arch x86_64 -fmessage-length=0 -fdiagnostics-show-note-include-stack -fmacro-backtrace-limit=0 -Wno-trigraphs -fpascal-strings -O0 -Wno-missing-field-initializers -Wno-missing-prototypes -Wno-return-type -Wno-non-virtual-dtor -Wno-overloaded-virtual -Wno-exit-time-destructors -Wno-missing-braces -Wparentheses -Wswitch -Wno-unused-function -Wno-unused-label -Wno-unused-parameter -Wno-unused-variable -Wunused-value -Wno-empty-body -Wno-uninitialized -Wno-unknown-pragmas -Wno-shadow -Wno-four-char-constants -Wno-conversion -Wno-constant-conversion -Wno-int-conversion -Wno-bool-conversion -Wno-enum-conversion -Wno-shorten-64-to-32 -Wno-newline-eof -Wno-c++11-extensions -DCMAKE_INTDIR=\"Debug\" -isysroot /Applications/Xcode.app/Contents/Developer/Platforms/MacOSX.platform/Developer/SDKs/MacOSX10.11.sdk -fasm-blocks -fstrict-aliasing -Wdeprecated-declarations -Winvalid-offsetof -mmacosx-version-min=10.10 -g -Wno-sign-conversion -I/Users/ninja/carnd/Term3/CarND-Path-Planning-Project/CMakeFiles/CMakeTmp/Debug/include -I/Users/ninja/carnd/Term3/CarND-Path-Planning-Project/CMakeFiles/CMakeTmp/CMAKE_TRY_COMPILE.build/Debug/cmTC_075fa.build/DerivedSources/x86_64 -I/Users/ninja/carnd/Term3/CarND-Path-Planning-Project/CMakeFiles/CMakeTmp/CMAKE_TRY_COMPILE.build/Debug/cmTC_075fa.build/DerivedSources -Wmost -Wno-four-char-constants -Wno-unknown-pragmas -F/Users/ninja/carnd/Term3/CarND-Path-Planning-Project/CMakeFiles/CMakeTmp/Debug -std=c++14 -MMD -MT dependencies -MF /Users/ninja/carnd/Term3/CarND-Path-Planning-Project/CMakeFiles/CMakeTmp/CMAKE_TRY_COMPILE.build/Debug/cmTC_075fa.build/Objects-normal/x86_64/feature_tests.d --serialize-diagnostics /Users/ninja/carnd/Term3/CarND-Path-Planning-Project/CMakeFiles/CMakeTmp/CMAKE_TRY_COMPILE.build/Debug/cmTC_075fa.build/Objects-normal/x86_64/feature_tests.dia -c /Users/ninja/carnd/Term3/CarND-Path-Planning-Project/CMakeFiles/feature_tests.cxx -o /Users/ninja/carnd/Term3/CarND-Path-Planning-Project/CMakeFiles/CMakeTmp/CMAKE_TRY_COMPILE.build/Debug/cmTC_075fa.build/Objects-normal/x86_64/feature_tests.o

Ld Debug/cmTC_075fa normal x86_64
    cd /Users/ninja/carnd/Term3/CarND-Path-Planning-Project/CMakeFiles/CMakeTmp
    export MACOSX_DEPLOYMENT_TARGET=10.10
    /Applications/Xcode.app/Contents/Developer/Toolchains/XcodeDefault.xctoolchain/usr/bin/clang++ -arch x86_64 -isysroot /Applications/Xcode.app/Contents/Developer/Platforms/MacOSX.platform/Developer/SDKs/MacOSX10.11.sdk -L/Users/ninja/carnd/Term3/CarND-Path-Planning-Project/CMakeFiles/CMakeTmp/Debug -F/Users/ninja/carnd/Term3/CarND-Path-Planning-Project/CMakeFiles/CMakeTmp/Debug -filelist /Users/ninja/carnd/Term3/CarND-Path-Planning-Project/CMakeFiles/CMakeTmp/CMAKE_TRY_COMPILE.build/Debug/cmTC_075fa.build/Objects-normal/x86_64/cmTC_075fa.LinkFileList -mmacosx-version-min=10.10 -Wl,-search_paths_first -Wl,-headerpad_max_install_names -Xlinker -dependency_info -Xlinker /Users/ninja/carnd/Term3/CarND-Path-Planning-Project/CMakeFiles/CMakeTmp/CMAKE_TRY_COMPILE.build/Debug/cmTC_075fa.build/Objects-normal/x86_64/cmTC_075fa_dependency_info.dat -o /Users/ninja/carnd/Term3/CarND-Path-Planning-Project/CMakeFiles/CMakeTmp/Debug/cmTC_075fa

** BUILD SUCCEEDED **



    Feature record: CXX_FEATURE:1cxx_aggregate_default_initializers
    Feature record: CXX_FEATURE:1cxx_alias_templates
    Feature record: CXX_FEATURE:1cxx_alignas
    Feature record: CXX_FEATURE:1cxx_alignof
    Feature record: CXX_FEATURE:1cxx_attributes
    Feature record: CXX_FEATURE:1cxx_attribute_deprecated
    Feature record: CXX_FEATURE:1cxx_auto_type
    Feature record: CXX_FEATURE:1cxx_binary_literals
    Feature record: CXX_FEATURE:1cxx_constexpr
    Feature record: CXX_FEATURE:1cxx_contextual_conversions
    Feature record: CXX_FEATURE:1cxx_decltype
    Feature record: CXX_FEATURE:1cxx_decltype_auto
    Feature record: CXX_FEATURE:1cxx_decltype_incomplete_return_types
    Feature record: CXX_FEATURE:1cxx_default_function_template_args
    Feature record: CXX_FEATURE:1cxx_defaulted_functions
    Feature record: CXX_FEATURE:1cxx_defaulted_move_initializers
    Feature record: CXX_FEATURE:1cxx_delegating_constructors
    Feature record: CXX_FEATURE:1cxx_deleted_functions
    Feature record: CXX_FEATURE:1cxx_digit_separators
    Feature record: CXX_FEATURE:1cxx_enum_forward_declarations
    Feature record: CXX_FEATURE:1cxx_explicit_conversions
    Feature record: CXX_FEATURE:1cxx_extended_friend_declarations
    Feature record: CXX_FEATURE:1cxx_extern_templates
    Feature record: CXX_FEATURE:1cxx_final
    Feature record: CXX_FEATURE:1cxx_func_identifier
    Feature record: CXX_FEATURE:1cxx_generalized_initializers
    Feature record: CXX_FEATURE:1cxx_generic_lambdas
    Feature record: CXX_FEATURE:1cxx_inheriting_constructors
    Feature record: CXX_FEATURE:1cxx_inline_namespaces
    Feature record: CXX_FEATURE:1cxx_lambdas
    Feature record: CXX_FEATURE:1cxx_lambda_init_captures
    Feature record: CXX_FEATURE:1cxx_local_type_template_args
    Feature record: CXX_FEATURE:1cxx_long_long_type
    Feature record: CXX_FEATURE:1cxx_noexcept
    Feature record: CXX_FEATURE:1cxx_nonstatic_member_init
    Feature record: CXX_FEATURE:1cxx_nullptr
    Feature record: CXX_FEATURE:1cxx_override
    Feature record: CXX_FEATURE:1cxx_range_for
    Feature record: CXX_FEATURE:1cxx_raw_string_literals
    Feature record: CXX_FEATURE:1cxx_reference_qualified_functions
    Feature record: CXX_FEATURE:1cxx_relaxed_constexpr
    Feature record: CXX_FEATURE:1cxx_return_type_deduction
    Feature record: CXX_FEATURE:1cxx_right_angle_brackets
    Feature record: CXX_FEATURE:1cxx_rvalue_references
    Feature record: CXX_FEATURE:1cxx_sizeof_member
    Feature record: CXX_FEATURE:1cxx_static_assert
    Feature record: CXX_FEATURE:1cxx_strong_enums
    Feature record: CXX_FEATURE:1cxx_template_template_parameters
    Feature record: CXX_FEATURE:0cxx_thread_local
    Feature record: CXX_FEATURE:1cxx_trailing_return_types
    Feature record: CXX_FEATURE:1cxx_unicode_literals
    Feature record: CXX_FEATURE:1cxx_uniform_initialization
    Feature record: CXX_FEATURE:1cxx_unrestricted_unions
    Feature record: CXX_FEATURE:1cxx_user_literals
    Feature record: CXX_FEATURE:1cxx_variable_templates
    Feature record: CXX_FEATURE:1cxx_variadic_macros
    Feature record: CXX_FEATURE:1cxx_variadic_templates


Detecting CXX [-std=c++11] compiler features compiled with the following output:
Change Dir: /Users/ninja/carnd/Term3/CarND-Path-Planning-Project/CMakeFiles/CMakeTmp

Run Build Command:"/usr/bin/xcodebuild" "-project" "CMAKE_TRY_COMPILE.xcodeproj" "build" "-target" "cmTC_5ffa9" "-configuration" "Debug"
=== BUILD TARGET cmTC_5ffa9 OF PROJECT CMAKE_TRY_COMPILE WITH CONFIGURATION Debug ===

Check dependencies

Write auxiliary files
/bin/mkdir -p /Users/ninja/carnd/Term3/CarND-Path-Planning-Project/CMakeFiles/CMakeTmp/CMAKE_TRY_COMPILE.build/Debug/cmTC_5ffa9.build/Objects-normal/x86_64
write-file /Users/ninja/carnd/Term3/CarND-Path-Planning-Project/CMakeFiles/CMakeTmp/CMAKE_TRY_COMPILE.build/Debug/cmTC_5ffa9.build/Objects-normal/x86_64/cmTC_5ffa9.LinkFileList

CompileC CMAKE_TRY_COMPILE.build/Debug/cmTC_5ffa9.build/Objects-normal/x86_64/feature_tests.o /Users/ninja/carnd/Term3/CarND-Path-Planning-Project/CMakeFiles/feature_tests.cxx normal x86_64 c++ com.apple.compilers.llvm.clang.1_0.compiler
    cd /Users/ninja/carnd/Term3/CarND-Path-Planning-Project/CMakeFiles/CMakeTmp
    export LANG=en_US.US-ASCII
    /Applications/Xcode.app/Contents/Developer/Toolchains/XcodeDefault.xctoolchain/usr/bin/clang -x c++ -arch x86_64 -fmessage-length=0 -fdiagnostics-show-note-include-stack -fmacro-backtrace-limit=0 -Wno-trigraphs -fpascal-strings -O0 -Wno-missing-field-initializers -Wno-missing-prototypes -Wno-return-type -Wno-non-virtual-dtor -Wno-overloaded-virtual -Wno-exit-time-destructors -Wno-missing-braces -Wparentheses -Wswitch -Wno-unused-function -Wno-unused-label -Wno-unused-parameter -Wno-unused-variable -Wunused-value -Wno-empty-body -Wno-uninitialized -Wno-unknown-pragmas -Wno-shadow -Wno-four-char-constants -Wno-conversion -Wno-constant-conversion -Wno-int-conversion -Wno-bool-conversion -Wno-enum-conversion -Wno-shorten-64-to-32 -Wno-newline-eof -Wno-c++11-extensions -DCMAKE_INTDIR=\"Debug\" -isysroot /Applications/Xcode.app/Contents/Developer/Platforms/MacOSX.platform/Developer/SDKs/MacOSX10.11.sdk -fasm-blocks -fstrict-aliasing -Wdeprecated-declarations -Winvalid-offsetof -mmacosx-version-min=10.10 -g -Wno-sign-conversion -I/Users/ninja/carnd/Term3/CarND-Path-Planning-Project/CMakeFiles/CMakeTmp/Debug/include -I/Users/ninja/carnd/Term3/CarND-Path-Planning-Project/CMakeFiles/CMakeTmp/CMAKE_TRY_COMPILE.build/Debug/cmTC_5ffa9.build/DerivedSources/x86_64 -I/Users/ninja/carnd/Term3/CarND-Path-Planning-Project/CMakeFiles/CMakeTmp/CMAKE_TRY_COMPILE.build/Debug/cmTC_5ffa9.build/DerivedSources -Wmost -Wno-four-char-constants -Wno-unknown-pragmas -F/Users/ninja/carnd/Term3/CarND-Path-Planning-Project/CMakeFiles/CMakeTmp/Debug -std=c++11 -MMD -MT dependencies -MF /Users/ninja/carnd/Term3/CarND-Path-Planning-Project/CMakeFiles/CMakeTmp/CMAKE_TRY_COMPILE.build/Debug/cmTC_5ffa9.build/Objects-normal/x86_64/feature_tests.d --serialize-diagnostics /Users/ninja/carnd/Term3/CarND-Path-Planning-Project/CMakeFiles/CMakeTmp/CMAKE_TRY_COMPILE.build/Debug/cmTC_5ffa9.build/Objects-normal/x86_64/feature_tests.dia -c /Users/ninja/carnd/Term3/CarND-Path-Planning-Project/CMakeFiles/feature_tests.cxx -o /Users/ninja/carnd/Term3/CarND-Path-Planning-Project/CMakeFiles/CMakeTmp/CMAKE_TRY_COMPILE.build/Debug/cmTC_5ffa9.build/Objects-normal/x86_64/feature_tests.o

Ld Debug/cmTC_5ffa9 normal x86_64
    cd /Users/ninja/carnd/Term3/CarND-Path-Planning-Project/CMakeFiles/CMakeTmp
    export MACOSX_DEPLOYMENT_TARGET=10.10
    /Applications/Xcode.app/Contents/Developer/Toolchains/XcodeDefault.xctoolchain/usr/bin/clang++ -arch x86_64 -isysroot /Applications/Xcode.app/Contents/Developer/Platforms/MacOSX.platform/Developer/SDKs/MacOSX10.11.sdk -L/Users/ninja/carnd/Term3/CarND-Path-Planning-Project/CMakeFiles/CMakeTmp/Debug -F/Users/ninja/carnd/Term3/CarND-Path-Planning-Project/CMakeFiles/CMakeTmp/Debug -filelist /Users/ninja/carnd/Term3/CarND-Path-Planning-Project/CMakeFiles/CMakeTmp/CMAKE_TRY_COMPILE.build/Debug/cmTC_5ffa9.build/Objects-normal/x86_64/cmTC_5ffa9.LinkFileList -mmacosx-version-min=10.10 -Wl,-search_paths_first -Wl,-headerpad_max_install_names -Xlinker -dependency_info -Xlinker /Users/ninja/carnd/Term3/CarND-Path-Planning-Project/CMakeFiles/CMakeTmp/CMAKE_TRY_COMPILE.build/Debug/cmTC_5ffa9.build/Objects-normal/x86_64/cmTC_5ffa9_dependency_info.dat -o /Users/ninja/carnd/Term3/CarND-Path-Planning-Project/CMakeFiles/CMakeTmp/Debug/cmTC_5ffa9

** BUILD SUCCEEDED **



    Feature record: CXX_FEATURE:0cxx_aggregate_default_initializers
    Feature record: CXX_FEATURE:1cxx_alias_templates
    Feature record: CXX_FEATURE:1cxx_alignas
    Feature record: CXX_FEATURE:1cxx_alignof
    Feature record: CXX_FEATURE:1cxx_attributes
    Feature record: CXX_FEATURE:0cxx_attribute_deprecated
    Feature record: CXX_FEATURE:1cxx_auto_type
    Feature record: CXX_FEATURE:0cxx_binary_literals
    Feature record: CXX_FEATURE:1cxx_constexpr
    Feature record: CXX_FEATURE:0cxx_contextual_conversions
    Feature record: CXX_FEATURE:1cxx_decltype
    Feature record: CXX_FEATURE:0cxx_decltype_auto
    Feature record: CXX_FEATURE:1cxx_decltype_incomplete_return_types
    Feature record: CXX_FEATURE:1cxx_default_function_template_args
    Feature record: CXX_FEATURE:1cxx_defaulted_functions
    Feature record: CXX_FEATURE:1cxx_defaulted_move_initializers
    Feature record: CXX_FEATURE:1cxx_delegating_constructors
    Feature record: CXX_FEATURE:1cxx_deleted_functions
    Feature record: CXX_FEATURE:0cxx_digit_separators
    Feature record: CXX_FEATURE:1cxx_enum_forward_declarations
    Feature record: CXX_FEATURE:1cxx_explicit_conversions
    Feature record: CXX_FEATURE:1cxx_extended_friend_declarations
    Feature record: CXX_FEATURE:1cxx_extern_templates
    Feature record: CXX_FEATURE:1cxx_final
    Feature record: CXX_FEATURE:1cxx_func_identifier
    Feature record: CXX_FEATURE:1cxx_generalized_initializers
    Feature record: CXX_FEATURE:0cxx_generic_lambdas
    Feature record: CXX_FEATURE:1cxx_inheriting_constructors
    Feature record: CXX_FEATURE:1cxx_inline_namespaces
    Feature record: CXX_FEATURE:1cxx_lambdas
    Feature record: CXX_FEATURE:0cxx_lambda_init_captures
    Feature record: CXX_FEATURE:1cxx_local_type_template_args
    Feature record: CXX_FEATURE:1cxx_long_long_type
    Feature record: CXX_FEATURE:1cxx_noexcept
    Feature record: CXX_FEATURE:1cxx_nonstatic_member_init
    Feature record: CXX_FEATURE:1cxx_nullptr
    Feature record: CXX_FEATURE:1cxx_override
    Feature record: CXX_FEATURE:1cxx_range_for
    Feature record: CXX_FEATURE:1cxx_raw_string_literals
    Feature record: CXX_FEATURE:1cxx_reference_qualified_functions
    Feature record: CXX_FEATURE:0cxx_relaxed_constexpr
    Feature record: CXX_FEATURE:0cxx_return_type_deduction
    Feature record: CXX_FEATURE:1cxx_right_angle_brackets
    Feature record: CXX_FEATURE:1cxx_rvalue_references
    Feature record: CXX_FEATURE:1cxx_sizeof_member
    Feature record: CXX_FEATURE:1cxx_static_assert
    Feature record: CXX_FEATURE:1cxx_strong_enums
    Feature record: CXX_FEATURE:1cxx_template_template_parameters
    Feature record: CXX_FEATURE:0cxx_thread_local
    Feature record: CXX_FEATURE:1cxx_trailing_return_types
    Feature record: CXX_FEATURE:1cxx_unicode_literals
    Feature record: CXX_FEATURE:1cxx_uniform_initialization
    Feature record: CXX_FEATURE:1cxx_unrestricted_unions
    Feature record: CXX_FEATURE:1cxx_user_literals
    Feature record: CXX_FEATURE:0cxx_variable_templates
    Feature record: CXX_FEATURE:1cxx_variadic_macros
    Feature record: CXX_FEATURE:1cxx_variadic_templates


Detecting CXX [-std=c++98] compiler features compiled with the following output:
Change Dir: /Users/ninja/carnd/Term3/CarND-Path-Planning-Project/CMakeFiles/CMakeTmp

Run Build Command:"/usr/bin/xcodebuild" "-project" "CMAKE_TRY_COMPILE.xcodeproj" "build" "-target" "cmTC_c72f6" "-configuration" "Debug"
=== BUILD TARGET cmTC_c72f6 OF PROJECT CMAKE_TRY_COMPILE WITH CONFIGURATION Debug ===

Check dependencies

Write auxiliary files
/bin/mkdir -p /Users/ninja/carnd/Term3/CarND-Path-Planning-Project/CMakeFiles/CMakeTmp/CMAKE_TRY_COMPILE.build/Debug/cmTC_c72f6.build/Objects-normal/x86_64
write-file /Users/ninja/carnd/Term3/CarND-Path-Planning-Project/CMakeFiles/CMakeTmp/CMAKE_TRY_COMPILE.build/Debug/cmTC_c72f6.build/Objects-normal/x86_64/cmTC_c72f6.LinkFileList

CompileC CMAKE_TRY_COMPILE.build/Debug/cmTC_c72f6.build/Objects-normal/x86_64/feature_tests.o /Users/ninja/carnd/Term3/CarND-Path-Planning-Project/CMakeFiles/feature_tests.cxx normal x86_64 c++ com.apple.compilers.llvm.clang.1_0.compiler
    cd /Users/ninja/carnd/Term3/CarND-Path-Planning-Project/CMakeFiles/CMakeTmp
    export LANG=en_US.US-ASCII
    /Applications/Xcode.app/Contents/Developer/Toolchains/XcodeDefault.xctoolchain/usr/bin/clang -x c++ -arch x86_64 -fmessage-length=0 -fdiagnostics-show-note-include-stack -fmacro-backtrace-limit=0 -Wno-trigraphs -fpascal-strings -O0 -Wno-missing-field-initializers -Wno-missing-prototypes -Wno-return-type -Wno-non-virtual-dtor -Wno-overloaded-virtual -Wno-exit-time-destructors -Wno-missing-braces -Wparentheses -Wswitch -Wno-unused-function -Wno-unused-label -Wno-unused-parameter -Wno-unused-variable -Wunused-value -Wno-empty-body -Wno-uninitialized -Wno-unknown-pragmas -Wno-shadow -Wno-four-char-constants -Wno-conversion -Wno-constant-conversion -Wno-int-conversion -Wno-bool-conversion -Wno-enum-conversion -Wno-shorten-64-to-32 -Wno-newline-eof -Wno-c++11-extensions -DCMAKE_INTDIR=\"Debug\" -isysroot /Applications/Xcode.app/Contents/Developer/Platforms/MacOSX.platform/Developer/SDKs/MacOSX10.11.sdk -fasm-blocks -fstrict-aliasing -Wdeprecated-declarations -Winvalid-offsetof -mmacosx-version-min=10.10 -g -Wno-sign-conversion -I/Users/ninja/carnd/Term3/CarND-Path-Planning-Project/CMakeFiles/CMakeTmp/Debug/include -I/Users/ninja/carnd/Term3/CarND-Path-Planning-Project/CMakeFiles/CMakeTmp/CMAKE_TRY_COMPILE.build/Debug/cmTC_c72f6.build/DerivedSources/x86_64 -I/Users/ninja/carnd/Term3/CarND-Path-Planning-Project/CMakeFiles/CMakeTmp/CMAKE_TRY_COMPILE.build/Debug/cmTC_c72f6.build/DerivedSources -Wmost -Wno-four-char-constants -Wno-unknown-pragmas -F/Users/ninja/carnd/Term3/CarND-Path-Planning-Project/CMakeFiles/CMakeTmp/Debug -std=c++98 -MMD -MT dependencies -MF /Users/ninja/carnd/Term3/CarND-Path-Planning-Project/CMakeFiles/CMakeTmp/CMAKE_TRY_COMPILE.build/Debug/cmTC_c72f6.build/Objects-normal/x86_64/feature_tests.d --serialize-diagnostics /Users/ninja/carnd/Term3/CarND-Path-Planning-Project/CMakeFiles/CMakeTmp/CMAKE_TRY_COMPILE.build/Debug/cmTC_c72f6.build/Objects-normal/x86_64/feature_tests.dia -c /Users/ninja/carnd/Term3/CarND-Path-Planning-Project/CMakeFiles/feature_tests.cxx -o /Users/ninja/carnd/Term3/CarND-Path-Planning-Project/CMakeFiles/CMakeTmp/CMAKE_TRY_COMPILE.build/Debug/cmTC_c72f6.build/Objects-normal/x86_64/feature_tests.o

Ld Debug/cmTC_c72f6 normal x86_64
    cd /Users/ninja/carnd/Term3/CarND-Path-Planning-Project/CMakeFiles/CMakeTmp
    export MACOSX_DEPLOYMENT_TARGET=10.10
    /Applications/Xcode.app/Contents/Developer/Toolchains/XcodeDefault.xctoolchain/usr/bin/clang++ -arch x86_64 -isysroot /Applications/Xcode.app/Contents/Developer/Platforms/MacOSX.platform/Developer/SDKs/MacOSX10.11.sdk -L/Users/ninja/carnd/Term3/CarND-Path-Planning-Project/CMakeFiles/CMakeTmp/Debug -F/Users/ninja/carnd/Term3/CarND-Path-Planning-Project/CMakeFiles/CMakeTmp/Debug -filelist /Users/ninja/carnd/Term3/CarND-Path-Planning-Project/CMakeFiles/CMakeTmp/CMAKE_TRY_COMPILE.build/Debug/cmTC_c72f6.build/Objects-normal/x86_64/cmTC_c72f6.LinkFileList -mmacosx-version-min=10.10 -Wl,-search_paths_first -Wl,-headerpad_max_install_names -Xlinker -dependency_info -Xlinker /Users/ninja/carnd/Term3/CarND-Path-Planning-Project/CMakeFiles/CMakeTmp/CMAKE_TRY_COMPILE.build/Debug/cmTC_c72f6.build/Objects-normal/x86_64/cmTC_c72f6_dependency_info.dat -o /Users/ninja/carnd/Term3/CarND-Path-Planning-Project/CMakeFiles/CMakeTmp/Debug/cmTC_c72f6

** BUILD SUCCEEDED **



    Feature record: CXX_FEATURE:0cxx_aggregate_default_initializers
    Feature record: CXX_FEATURE:0cxx_alias_templates
    Feature record: CXX_FEATURE:0cxx_alignas
    Feature record: CXX_FEATURE:0cxx_alignof
    Feature record: CXX_FEATURE:0cxx_attributes
    Feature record: CXX_FEATURE:0cxx_attribute_deprecated
    Feature record: CXX_FEATURE:0cxx_auto_type
    Feature record: CXX_FEATURE:0cxx_binary_literals
    Feature record: CXX_FEATURE:0cxx_constexpr
    Feature record: CXX_FEATURE:0cxx_contextual_conversions
    Feature record: CXX_FEATURE:0cxx_decltype
    Feature record: CXX_FEATURE:0cxx_decltype_auto
    Feature record: CXX_FEATURE:0cxx_decltype_incomplete_return_types
    Feature record: CXX_FEATURE:0cxx_default_function_template_args
    Feature record: CXX_FEATURE:0cxx_defaulted_functions
    Feature record: CXX_FEATURE:0cxx_defaulted_move_initializers
    Feature record: CXX_FEATURE:0cxx_delegating_constructors
    Feature record: CXX_FEATURE:0cxx_deleted_functions
    Feature record: CXX_FEATURE:0cxx_digit_separators
    Feature record: CXX_FEATURE:0cxx_enum_forward_declarations
    Feature record: CXX_FEATURE:0cxx_explicit_conversions
    Feature record: CXX_FEATURE:0cxx_extended_friend_declarations
    Feature record: CXX_FEATURE:0cxx_extern_templates
    Feature record: CXX_FEATURE:0cxx_final
    Feature record: CXX_FEATURE:0cxx_func_identifier
    Feature record: CXX_FEATURE:0cxx_generalized_initializers
    Feature record: CXX_FEATURE:0cxx_generic_lambdas
    Feature record: CXX_FEATURE:0cxx_inheriting_constructors
    Feature record: CXX_FEATURE:0cxx_inline_namespaces
    Feature record: CXX_FEATURE:0cxx_lambdas
    Feature record: CXX_FEATURE:0cxx_lambda_init_captures
    Feature record: CXX_FEATURE:0cxx_local_type_template_args
    Feature record: CXX_FEATURE:0cxx_long_long_type
    Feature record: CXX_FEATURE:0cxx_noexcept
    Feature record: CXX_FEATURE:0cxx_nonstatic_member_init
    Feature record: CXX_FEATURE:0cxx_nullptr
    Feature record: CXX_FEATURE:0cxx_override
    Feature record: CXX_FEATURE:0cxx_range_for
    Feature record: CXX_FEATURE:0cxx_raw_string_literals
    Feature record: CXX_FEATURE:0cxx_reference_qualified_functions
    Feature record: CXX_FEATURE:0cxx_relaxed_constexpr
    Feature record: CXX_FEATURE:0cxx_return_type_deduction
    Feature record: CXX_FEATURE:0cxx_right_angle_brackets
    Feature record: CXX_FEATURE:0cxx_rvalue_references
    Feature record: CXX_FEATURE:0cxx_sizeof_member
    Feature record: CXX_FEATURE:0cxx_static_assert
    Feature record: CXX_FEATURE:0cxx_strong_enums
    Feature record: CXX_FEATURE:1cxx_template_template_parameters
    Feature record: CXX_FEATURE:0cxx_thread_local
    Feature record: CXX_FEATURE:0cxx_trailing_return_types
    Feature record: CXX_FEATURE:0cxx_unicode_literals
    Feature record: CXX_FEATURE:0cxx_uniform_initialization
    Feature record: CXX_FEATURE:0cxx_unrestricted_unions
    Feature record: CXX_FEATURE:0cxx_user_literals
    Feature record: CXX_FEATURE:0cxx_variable_templates
    Feature record: CXX_FEATURE:0cxx_variadic_macros
    Feature record: CXX_FEATURE:0cxx_variadic_templates
